[INFO][0][<module>] Linux login4.cm.cluster 5.14.0-362.24.1.el9_3.x86_64 #1 SMP PREEMPT_DYNAMIC Thu Feb 15 07:18:13 EST 2024 x86_64 x86_64
[INFO][0][<module>] /home/renatob/miniconda3/envs/ilamb/lib/python3.11/site-packages/ILAMB (2.7)
[INFO][0][<module>] /home/renatob/miniconda3/envs/ilamb/lib/python3.11/site-packages/numpy (1.26.4)
[INFO][0][<module>] /home/renatob/miniconda3/envs/ilamb/lib/python3.11/site-packages/matplotlib (3.9.1)
[INFO][0][<module>] /home/renatob/miniconda3/envs/ilamb/lib/python3.11/site-packages/netCDF4 (1.7.1)
[INFO][0][<module>] /home/renatob/miniconda3/envs/ilamb/lib/python3.11/site-packages/cf_units (3.2.0)
[INFO][0][<module>] /home/renatob/miniconda3/envs/ilamb/lib/python3.11/site-packages/sympy (1.13.1)
[INFO][0][<module>] /home/renatob/miniconda3/envs/ilamb/lib/python3.11/site-packages/mpi4py (4.0.0)
[INFO][0][<module>] 2024-08-28 18:23:01.259418
[INFO][0][AnalysisMeanStateSites][gpp] Bias scored using Collier2018
[INFO][0][AnalysisMeanStateSites][gpp] RMSE scored using Collier2018
[INFO][0][confront][GrossPrimaryProductivity/FLUXNET2015][CARDAMOM] Success
[DEBUG][0][extractTimeSeries][CLM40cn] Could not find [gpp] in the model results
[DEBUG][0][WorkConfront][GrossPrimaryProductivity/FLUXNET2015][CLM40cn]
Traceback (most recent call last):
  File "/home/renatob/miniconda3/envs/ilamb/bin/ilamb-run", line 561, in WorkConfront
    c.confront(m)
  File "/home/renatob/miniconda3/envs/ilamb/lib/python3.11/site-packages/ILAMB/Confrontation.py", line 433, in confront
    obs, mod = self.stageData(m)
               ^^^^^^^^^^^^^^^^^
  File "/home/renatob/miniconda3/envs/ilamb/lib/python3.11/site-packages/ILAMB/Confrontation.py", line 371, in stageData
    mod = m.extractTimeSeries(
          ^^^^^^^^^^^^^^^^^^^^
  File "/home/renatob/miniconda3/envs/ilamb/lib/python3.11/site-packages/ILAMB/ModelResult.py", line 433, in extractTimeSeries
    raise il.VarNotInModel()
ILAMB.ilamblib.VarNotInModel: VarNotInModel

[INFO][1][MakeComparable][GrossPrimaryProductivity/WECANN][CARDAMOM] Spatial data was clipped from the reference:  before: [108 180 360] after: [108 137 355]
[INFO][0][MakeComparable][GrossPrimaryProductivity/FLUXCOM][CARDAMOM] Spatial data was clipped from the reference:  before: [408 360 720] after: [408 273 710]
[INFO][1][AnalysisMeanStateSpace][gpp] Bias scored using Collier2018
[INFO][1][AnalysisMeanStateSpace][gpp] RMSE scored using Collier2018
[INFO][1][confront][GrossPrimaryProductivity/WECANN][CARDAMOM] Success
[DEBUG][1][extractTimeSeries][CLM40cn] Could not find [gpp] in the model results
[DEBUG][1][WorkConfront][GrossPrimaryProductivity/WECANN][CLM40cn]
Traceback (most recent call last):
  File "/home/renatob/miniconda3/envs/ilamb/bin/ilamb-run", line 561, in WorkConfront
    c.confront(m)
  File "/home/renatob/miniconda3/envs/ilamb/lib/python3.11/site-packages/ILAMB/Confrontation.py", line 433, in confront
    obs, mod = self.stageData(m)
               ^^^^^^^^^^^^^^^^^
  File "/home/renatob/miniconda3/envs/ilamb/lib/python3.11/site-packages/ILAMB/Confrontation.py", line 371, in stageData
    mod = m.extractTimeSeries(
          ^^^^^^^^^^^^^^^^^^^^
  File "/home/renatob/miniconda3/envs/ilamb/lib/python3.11/site-packages/ILAMB/ModelResult.py", line 433, in extractTimeSeries
    raise il.VarNotInModel()
ILAMB.ilamblib.VarNotInModel: VarNotInModel

[DEBUG][1][extractTimeSeries][ENSEMBLE-CMIP5] Could not find [gpp] in the model results
[DEBUG][1][WorkConfront][GrossPrimaryProductivity/WECANN][ENSEMBLE-CMIP5]
Traceback (most recent call last):
  File "/home/renatob/miniconda3/envs/ilamb/bin/ilamb-run", line 561, in WorkConfront
    c.confront(m)
  File "/home/renatob/miniconda3/envs/ilamb/lib/python3.11/site-packages/ILAMB/Confrontation.py", line 433, in confront
    obs, mod = self.stageData(m)
               ^^^^^^^^^^^^^^^^^
  File "/home/renatob/miniconda3/envs/ilamb/lib/python3.11/site-packages/ILAMB/Confrontation.py", line 371, in stageData
    mod = m.extractTimeSeries(
          ^^^^^^^^^^^^^^^^^^^^
  File "/home/renatob/miniconda3/envs/ilamb/lib/python3.11/site-packages/ILAMB/ModelResult.py", line 433, in extractTimeSeries
    raise il.VarNotInModel()
ILAMB.ilamblib.VarNotInModel: VarNotInModel

[INFO][0][AnalysisMeanStateSpace][gpp] Bias scored using Collier2018
[INFO][0][AnalysisMeanStateSpace][gpp] RMSE scored using Collier2018
[INFO][0][confront][GrossPrimaryProductivity/FLUXCOM][CARDAMOM] Success
[DEBUG][0][extractTimeSeries][CLM40cn] Could not find [gpp] in the model results
[DEBUG][0][WorkConfront][GrossPrimaryProductivity/FLUXCOM][CLM40cn]
Traceback (most recent call last):
  File "/home/renatob/miniconda3/envs/ilamb/bin/ilamb-run", line 561, in WorkConfront
    c.confront(m)
  File "/home/renatob/miniconda3/envs/ilamb/lib/python3.11/site-packages/ILAMB/Confrontation.py", line 433, in confront
    obs, mod = self.stageData(m)
               ^^^^^^^^^^^^^^^^^
  File "/home/renatob/miniconda3/envs/ilamb/lib/python3.11/site-packages/ILAMB/Confrontation.py", line 371, in stageData
    mod = m.extractTimeSeries(
          ^^^^^^^^^^^^^^^^^^^^
  File "/home/renatob/miniconda3/envs/ilamb/lib/python3.11/site-packages/ILAMB/ModelResult.py", line 433, in extractTimeSeries
    raise il.VarNotInModel()
ILAMB.ilamblib.VarNotInModel: VarNotInModel

[DEBUG][0][WorkPost][GrossPrimaryProductivity/FLUXNET2015][CARDAMOM]
Traceback (most recent call last):
  File "/home/renatob/miniconda3/envs/ilamb/bin/ilamb-run", line 616, in WorkPost
    c.modelPlots(m)
  File "/home/renatob/miniconda3/envs/ilamb/lib/python3.11/site-packages/ILAMB/Confrontation.py", line 907, in modelPlots
    self._relationship(m)
  File "/home/renatob/miniconda3/envs/ilamb/lib/python3.11/site-packages/ILAMB/Confrontation.py", line 1207, in _relationship
    with Dataset(
         ^^^^^^^^
  File "src/netCDF4/_netCDF4.pyx", line 2470, in netCDF4._netCDF4.Dataset.__init__
  File "src/netCDF4/_netCDF4.pyx", line 2107, in netCDF4._netCDF4._ensure_nc_success
OSError: [Errno -101] NetCDF: HDF error: './_build/EcosystemandCarbonCycle/GrossPrimaryProductivity/FLUXNET2015/FLUXNET2015_CARDAMOM.nc'

[INFO][1][modelPlots][GrossPrimaryProductivity/FLUXCOM][ENSEMBLE-CMIP5] Success
[INFO][0][modelPlots][GrossPrimaryProductivity/FLUXNET2015][ENSEMBLE-CMIP5] Success
[INFO][1][modelPlots][GrossPrimaryProductivity/FLUXCOM][ENSEMBLE-CMIP6] Success
[INFO][0][modelPlots][GrossPrimaryProductivity/FLUXNET2015][ENSEMBLE-CMIP6] Success
[INFO][1][modelPlots][GrossPrimaryProductivity/WECANN][CARDAMOM] Success
[INFO][0][modelPlots][GrossPrimaryProductivity/FLUXCOM][CARDAMOM] Success
[INFO][1][modelPlots][GrossPrimaryProductivity/WECANN][ENSEMBLE-CMIP6] Success
[INFO][1][<module>][process time] 724.5 s
[INFO][0][<module>][process time] 599.8 s
[INFO][0][<module>][total time] 1189.2 s
[INFO][0][<module>][process balance] 1.21
[INFO][0][<module>][parallel efficiency] 56%
