[INFO][0][<module>] Darwin MT-202641 19.6.0 Darwin Kernel Version 19.6.0: Tue Jun 22 19:49:55 PDT 2021; root:xnu-6153.141.35~1/RELEASE_X86_64 x86_64
[INFO][0][<module>] /usr/local/lib/python3.9/site-packages/ILAMB (2.6)
[INFO][0][<module>] /usr/local/lib/python3.9/site-packages/numpy (1.20.0)
[INFO][0][<module>] /usr/local/lib/python3.9/site-packages/matplotlib (3.4.2)
[INFO][0][<module>] /usr/local/lib/python3.9/site-packages/netCDF4 (1.5.7)
[INFO][0][<module>] /usr/local/lib/python3.9/site-packages/cf_units (3.0.1)
[INFO][0][<module>] /usr/local/lib/python3.9/site-packages/sympy (1.8)
[INFO][0][<module>] /usr/local/lib/python3.9/site-packages/mpi4py (3.0.3)
[INFO][0][<module>] 2021-08-31 15:09:12.358275
[INFO][0][confront][Biomass/Tropical][E3SM] Success
[INFO][0][confront][Biomass/Tropical][E3SM-FUN2.0] Success
[INFO][0][confront][Biomass/Tropical][E3SM-FUN3.0] Success
[INFO][0][confront][Biomass/GlobalCarbon][E3SM] Success
[INFO][0][confront][Biomass/GlobalCarbon][E3SM-FUN2.0] Success
[INFO][0][confront][Biomass/GlobalCarbon][E3SM-FUN3.0] Success
[INFO][0][confront][Biomass/NBCD2000][E3SM] Success
[INFO][0][confront][Biomass/NBCD2000][E3SM-FUN2.0] Success
[INFO][0][confront][Biomass/NBCD2000][E3SM-FUN3.0] Success
[INFO][0][confront][Biomass/USForest][E3SM] Success
[INFO][0][confront][Biomass/USForest][E3SM-FUN2.0] Success
[INFO][0][confront][Biomass/USForest][E3SM-FUN3.0] Success
[INFO][0][confront][Biomass/Thurner][E3SM] Success
[INFO][0][confront][Biomass/Thurner][E3SM-FUN2.0] Success
[INFO][0][confront][Biomass/Thurner][E3SM-FUN3.0] Success
[INFO][0][confront][GrossPrimaryProductivity/FLUXNET2015][E3SM] Success
[INFO][0][confront][GrossPrimaryProductivity/FLUXNET2015][E3SM-FUN2.0] Success
[INFO][0][confront][GrossPrimaryProductivity/FLUXNET2015][E3SM-FUN3.0] Success
[INFO][0][confront][GrossPrimaryProductivity/FLUXCOM][E3SM] Success
[INFO][0][confront][GrossPrimaryProductivity/FLUXCOM][E3SM-FUN2.0] Success
[INFO][0][confront][GrossPrimaryProductivity/FLUXCOM][E3SM-FUN3.0] Success
[INFO][0][confront][LeafAreaIndex/AVHRR][E3SM] Success
[INFO][0][confront][LeafAreaIndex/AVHRR][E3SM-FUN2.0] Success
[INFO][0][confront][LeafAreaIndex/AVHRR][E3SM-FUN3.0] Success
[INFO][0][confront][LeafAreaIndex/AVH15C1][E3SM] Success
[INFO][0][confront][LeafAreaIndex/AVH15C1][E3SM-FUN2.0] Success
[INFO][0][confront][LeafAreaIndex/AVH15C1][E3SM-FUN3.0] Success
[INFO][0][confront][LeafAreaIndex/MODIS][E3SM] Success
[INFO][0][confront][LeafAreaIndex/MODIS][E3SM-FUN2.0] Success
[INFO][0][confront][LeafAreaIndex/MODIS][E3SM-FUN3.0] Success
[INFO][0][confront][NetEcosystemExchange/FLUXNET2015][E3SM] Success
[INFO][0][confront][NetEcosystemExchange/FLUXNET2015][E3SM-FUN2.0] Success
[INFO][0][confront][NetEcosystemExchange/FLUXNET2015][E3SM-FUN3.0] Success
[INFO][0][confront][EcosystemRespiration/FLUXNET2015][E3SM] Success
[INFO][0][confront][EcosystemRespiration/FLUXNET2015][E3SM-FUN2.0] Success
[INFO][0][confront][EcosystemRespiration/FLUXNET2015][E3SM-FUN3.0] Success
[INFO][0][confront][EcosystemRespiration/FLUXCOM][E3SM] Success
[INFO][0][confront][EcosystemRespiration/FLUXCOM][E3SM-FUN2.0] Success
[INFO][0][confront][EcosystemRespiration/FLUXCOM][E3SM-FUN3.0] Success
[INFO][0][confront][SoilCarbon/HWSD][E3SM] Success
[INFO][0][confront][SoilCarbon/HWSD][E3SM-FUN2.0] Success
[INFO][0][confront][SoilCarbon/HWSD][E3SM-FUN3.0] Success
[INFO][0][confront][SoilCarbon/NCSCDV22][E3SM] Success
[INFO][0][confront][SoilCarbon/NCSCDV22][E3SM-FUN2.0] Success
[INFO][0][confront][SoilCarbon/NCSCDV22][E3SM-FUN3.0] Success
[INFO][0][confront][Evapotranspiration/GLEAMv3.3a][E3SM] Success
[INFO][0][confront][Evapotranspiration/GLEAMv3.3a][E3SM-FUN2.0] Success
[INFO][0][confront][Evapotranspiration/GLEAMv3.3a][E3SM-FUN3.0] Success
[INFO][0][confront][Evapotranspiration/MODIS][E3SM] Success
[INFO][0][confront][Evapotranspiration/MODIS][E3SM-FUN2.0] Success
[INFO][0][confront][Evapotranspiration/MODIS][E3SM-FUN3.0] Success
[INFO][0][confront][Evapotranspiration/MOD16A2][E3SM] Success
[INFO][0][confront][Evapotranspiration/MOD16A2][E3SM-FUN2.0] Success
[INFO][0][confront][Evapotranspiration/MOD16A2][E3SM-FUN3.0] Success
[INFO][0][confront][EvaporativeFraction/GBAF][E3SM] Success
[INFO][0][confront][EvaporativeFraction/GBAF][E3SM-FUN2.0] Success
[INFO][0][confront][EvaporativeFraction/GBAF][E3SM-FUN3.0] Success
[INFO][0][confront][LatentHeat/FLUXNET2015][E3SM] Success
[INFO][0][confront][LatentHeat/FLUXNET2015][E3SM-FUN2.0] Success
[INFO][0][confront][LatentHeat/FLUXNET2015][E3SM-FUN3.0] Success
[INFO][0][confront][LatentHeat/FLUXCOM][E3SM] Success
[INFO][0][confront][LatentHeat/FLUXCOM][E3SM-FUN2.0] Success
[INFO][0][confront][LatentHeat/FLUXCOM][E3SM-FUN3.0] Success
[INFO][0][confront][LatentHeat/DOLCE][E3SM] Success
[INFO][0][confront][LatentHeat/DOLCE][E3SM-FUN2.0] Success
[INFO][0][confront][LatentHeat/DOLCE][E3SM-FUN3.0] Success
[INFO][0][confront][Runoff/LORA][E3SM] Success
[INFO][0][confront][Runoff/LORA][E3SM-FUN2.0] Success
[INFO][0][confront][Runoff/LORA][E3SM-FUN3.0] Success
[INFO][0][confront][SensibleHeat/FLUXNET2015][E3SM] Success
[INFO][0][confront][SensibleHeat/FLUXNET2015][E3SM-FUN2.0] Success
[INFO][0][confront][SensibleHeat/FLUXNET2015][E3SM-FUN3.0] Success
[INFO][0][confront][SensibleHeat/FLUXCOM][E3SM] Success
[INFO][0][confront][SensibleHeat/FLUXCOM][E3SM-FUN2.0] Success
[INFO][0][confront][SensibleHeat/FLUXCOM][E3SM-FUN3.0] Success
[INFO][0][confront][Albedo/CERESed4.1][E3SM] Success
[INFO][0][confront][Albedo/CERESed4.1][E3SM-FUN2.0] Success
[INFO][0][confront][Albedo/CERESed4.1][E3SM-FUN3.0] Success
[INFO][0][confront][Albedo/GEWEX.SRB][E3SM] Success
[INFO][0][confront][Albedo/GEWEX.SRB][E3SM-FUN2.0] Success
[INFO][0][confront][Albedo/GEWEX.SRB][E3SM-FUN3.0] Success
[INFO][0][confront][SurfaceUpwardSWRadiation/CERESed4.1][E3SM] Success
[INFO][0][confront][SurfaceUpwardSWRadiation/CERESed4.1][E3SM-FUN2.0] Success
[INFO][0][confront][SurfaceUpwardSWRadiation/CERESed4.1][E3SM-FUN3.0] Success
[INFO][0][confront][SurfaceUpwardSWRadiation/FLUXNET2015][E3SM] Success
[INFO][0][confront][SurfaceUpwardSWRadiation/FLUXNET2015][E3SM-FUN2.0] Success
[INFO][0][confront][SurfaceUpwardSWRadiation/FLUXNET2015][E3SM-FUN3.0] Success
[INFO][0][confront][SurfaceUpwardSWRadiation/GEWEX.SRB][E3SM] Success
[INFO][0][confront][SurfaceUpwardSWRadiation/GEWEX.SRB][E3SM-FUN2.0] Success
[INFO][0][confront][SurfaceUpwardSWRadiation/GEWEX.SRB][E3SM-FUN3.0] Success
[INFO][0][confront][SurfaceUpwardSWRadiation/WRMC.BSRN][E3SM] Success
[INFO][0][confront][SurfaceUpwardSWRadiation/WRMC.BSRN][E3SM-FUN2.0] Success
[INFO][0][confront][SurfaceUpwardSWRadiation/WRMC.BSRN][E3SM-FUN3.0] Success
[INFO][0][confront][SurfaceNetSWRadiation/CERESed4.1][E3SM] Success
[INFO][0][confront][SurfaceNetSWRadiation/CERESed4.1][E3SM-FUN2.0] Success
[INFO][0][confront][SurfaceNetSWRadiation/CERESed4.1][E3SM-FUN3.0] Success
[INFO][0][confront][SurfaceNetSWRadiation/FLUXNET2015][E3SM] Success
[INFO][0][confront][SurfaceNetSWRadiation/FLUXNET2015][E3SM-FUN2.0] Success
[INFO][0][confront][SurfaceNetSWRadiation/FLUXNET2015][E3SM-FUN3.0] Success
[INFO][0][confront][SurfaceNetSWRadiation/GEWEX.SRB][E3SM] Success
[INFO][0][confront][SurfaceNetSWRadiation/GEWEX.SRB][E3SM-FUN2.0] Success
[INFO][0][confront][SurfaceNetSWRadiation/GEWEX.SRB][E3SM-FUN3.0] Success
[INFO][0][confront][SurfaceNetSWRadiation/WRMC.BSRN][E3SM] Success
[INFO][0][confront][SurfaceNetSWRadiation/WRMC.BSRN][E3SM-FUN2.0] Success
[INFO][0][confront][SurfaceNetSWRadiation/WRMC.BSRN][E3SM-FUN3.0] Success
[INFO][0][confront][SurfaceUpwardLWRadiation/CERESed4.1][E3SM] Success
[INFO][0][confront][SurfaceUpwardLWRadiation/CERESed4.1][E3SM-FUN2.0] Success
[INFO][0][confront][SurfaceUpwardLWRadiation/CERESed4.1][E3SM-FUN3.0] Success
[INFO][0][confront][SurfaceUpwardLWRadiation/FLUXNET2015][E3SM] Success
[INFO][0][confront][SurfaceUpwardLWRadiation/FLUXNET2015][E3SM-FUN2.0] Success
[INFO][0][confront][SurfaceUpwardLWRadiation/FLUXNET2015][E3SM-FUN3.0] Success
[INFO][0][confront][SurfaceUpwardLWRadiation/GEWEX.SRB][E3SM] Success
[INFO][0][confront][SurfaceUpwardLWRadiation/GEWEX.SRB][E3SM-FUN2.0] Success
[INFO][0][confront][SurfaceUpwardLWRadiation/GEWEX.SRB][E3SM-FUN3.0] Success
[INFO][0][confront][SurfaceUpwardLWRadiation/WRMC.BSRN][E3SM] Success
[INFO][0][confront][SurfaceUpwardLWRadiation/WRMC.BSRN][E3SM-FUN2.0] Success
[INFO][0][confront][SurfaceUpwardLWRadiation/WRMC.BSRN][E3SM-FUN3.0] Success
[INFO][0][confront][SurfaceNetLWRadiation/CERESed4.1][E3SM] Success
[INFO][0][confront][SurfaceNetLWRadiation/CERESed4.1][E3SM-FUN2.0] Success
[INFO][0][confront][SurfaceNetLWRadiation/CERESed4.1][E3SM-FUN3.0] Success
[INFO][0][confront][SurfaceNetLWRadiation/FLUXNET2015][E3SM] Success
[INFO][0][confront][SurfaceNetLWRadiation/FLUXNET2015][E3SM-FUN2.0] Success
[INFO][0][confront][SurfaceNetLWRadiation/FLUXNET2015][E3SM-FUN3.0] Success
[INFO][0][confront][SurfaceNetLWRadiation/GEWEX.SRB][E3SM] Success
[INFO][0][confront][SurfaceNetLWRadiation/GEWEX.SRB][E3SM-FUN2.0] Success
[INFO][0][confront][SurfaceNetLWRadiation/GEWEX.SRB][E3SM-FUN3.0] Success
[INFO][0][confront][SurfaceNetLWRadiation/WRMC.BSRN][E3SM] Success
[INFO][0][confront][SurfaceNetLWRadiation/WRMC.BSRN][E3SM-FUN2.0] Success
[INFO][0][confront][SurfaceNetLWRadiation/WRMC.BSRN][E3SM-FUN3.0] Success
[INFO][0][confront][SurfaceNetRadiation/CERESed4.1][E3SM] Success
[INFO][0][confront][SurfaceNetRadiation/CERESed4.1][E3SM-FUN2.0] Success
[INFO][0][confront][SurfaceNetRadiation/CERESed4.1][E3SM-FUN3.0] Success
[INFO][0][confront][SurfaceNetRadiation/FLUXNET2015][E3SM] Success
[INFO][0][confront][SurfaceNetRadiation/FLUXNET2015][E3SM-FUN2.0] Success
[INFO][0][confront][SurfaceNetRadiation/FLUXNET2015][E3SM-FUN3.0] Success
[INFO][0][confront][SurfaceNetRadiation/GEWEX.SRB][E3SM] Success
[INFO][0][confront][SurfaceNetRadiation/GEWEX.SRB][E3SM-FUN2.0] Success
[INFO][0][confront][SurfaceNetRadiation/GEWEX.SRB][E3SM-FUN3.0] Success
[INFO][0][confront][SurfaceNetRadiation/WRMC.BSRN][E3SM] Success
[INFO][0][confront][SurfaceNetRadiation/WRMC.BSRN][E3SM-FUN2.0] Success
[INFO][0][confront][SurfaceNetRadiation/WRMC.BSRN][E3SM-FUN3.0] Success
[INFO][0][confront][SurfaceAirTemperature/CRU4.02][E3SM] Success
[INFO][0][confront][SurfaceAirTemperature/CRU4.02][E3SM-FUN2.0] Success
[INFO][0][confront][SurfaceAirTemperature/CRU4.02][E3SM-FUN3.0] Success
[INFO][0][confront][SurfaceAirTemperature/FLUXNET2015][E3SM] Success
[INFO][0][confront][SurfaceAirTemperature/FLUXNET2015][E3SM-FUN2.0] Success
[INFO][0][confront][SurfaceAirTemperature/FLUXNET2015][E3SM-FUN3.0] Success
[INFO][0][confront][Precipitation/CMAPv1904][E3SM] Success
[INFO][0][confront][Precipitation/CMAPv1904][E3SM-FUN2.0] Success
[INFO][0][confront][Precipitation/CMAPv1904][E3SM-FUN3.0] Success
[INFO][0][confront][Precipitation/FLUXNET2015][E3SM] Success
[INFO][0][confront][Precipitation/FLUXNET2015][E3SM-FUN2.0] Success
[INFO][0][confront][Precipitation/FLUXNET2015][E3SM-FUN3.0] Success
[INFO][0][confront][Precipitation/GPCCv2018][E3SM] Success
[INFO][0][confront][Precipitation/GPCCv2018][E3SM-FUN2.0] Success
[INFO][0][confront][Precipitation/GPCCv2018][E3SM-FUN3.0] Success
[INFO][0][confront][Precipitation/GPCPv2.3][E3SM] Success
[INFO][0][confront][Precipitation/GPCPv2.3][E3SM-FUN2.0] Success
[INFO][0][confront][Precipitation/GPCPv2.3][E3SM-FUN3.0] Success
[INFO][0][confront][SurfaceRelativeHumidity/ERA5][E3SM] Success
[INFO][0][confront][SurfaceRelativeHumidity/ERA5][E3SM-FUN2.0] Success
[INFO][0][confront][SurfaceRelativeHumidity/ERA5][E3SM-FUN3.0] Success
[INFO][0][confront][SurfaceRelativeHumidity/CRU4.02][E3SM] Success
[INFO][0][confront][SurfaceRelativeHumidity/CRU4.02][E3SM-FUN2.0] Success
[INFO][0][confront][SurfaceRelativeHumidity/CRU4.02][E3SM-FUN3.0] Success
[INFO][0][confront][SurfaceDownwardSWRadiation/CERESed4.1][E3SM] Success
[INFO][0][confront][SurfaceDownwardSWRadiation/CERESed4.1][E3SM-FUN2.0] Success
[INFO][0][confront][SurfaceDownwardSWRadiation/CERESed4.1][E3SM-FUN3.0] Success
[INFO][0][confront][SurfaceDownwardSWRadiation/FLUXNET2015][E3SM] Success
[INFO][0][confront][SurfaceDownwardSWRadiation/FLUXNET2015][E3SM-FUN2.0] Success
[INFO][0][confront][SurfaceDownwardSWRadiation/FLUXNET2015][E3SM-FUN3.0] Success
[INFO][0][confront][SurfaceDownwardSWRadiation/GEWEX.SRB][E3SM] Success
[INFO][0][confront][SurfaceDownwardSWRadiation/GEWEX.SRB][E3SM-FUN2.0] Success
[INFO][0][confront][SurfaceDownwardSWRadiation/GEWEX.SRB][E3SM-FUN3.0] Success
[INFO][0][confront][SurfaceDownwardSWRadiation/WRMC.BSRN][E3SM] Success
[INFO][0][confront][SurfaceDownwardSWRadiation/WRMC.BSRN][E3SM-FUN2.0] Success
[INFO][0][confront][SurfaceDownwardSWRadiation/WRMC.BSRN][E3SM-FUN3.0] Success
[INFO][0][confront][SurfaceDownwardLWRadiation/CERESed4.1][E3SM] Success
[INFO][0][confront][SurfaceDownwardLWRadiation/CERESed4.1][E3SM-FUN2.0] Success
[INFO][0][confront][SurfaceDownwardLWRadiation/CERESed4.1][E3SM-FUN3.0] Success
[INFO][0][confront][SurfaceDownwardLWRadiation/FLUXNET2015][E3SM] Success
[INFO][0][confront][SurfaceDownwardLWRadiation/FLUXNET2015][E3SM-FUN2.0] Success
[INFO][0][confront][SurfaceDownwardLWRadiation/FLUXNET2015][E3SM-FUN3.0] Success
[INFO][0][confront][SurfaceDownwardLWRadiation/GEWEX.SRB][E3SM] Success
[INFO][0][confront][SurfaceDownwardLWRadiation/GEWEX.SRB][E3SM-FUN2.0] Success
[INFO][0][confront][SurfaceDownwardLWRadiation/GEWEX.SRB][E3SM-FUN3.0] Success
[INFO][0][confront][SurfaceDownwardLWRadiation/WRMC.BSRN][E3SM] Success
[INFO][0][confront][SurfaceDownwardLWRadiation/WRMC.BSRN][E3SM-FUN2.0] Success
[INFO][0][confront][SurfaceDownwardLWRadiation/WRMC.BSRN][E3SM-FUN3.0] Success
[INFO][0][modelPlots][Biomass/Tropical][E3SM] Success
[INFO][0][modelPlots][Biomass/Tropical][E3SM-FUN2.0] Success
[INFO][0][modelPlots][Biomass/Tropical][E3SM-FUN3.0] Success
[INFO][0][modelPlots][Biomass/GlobalCarbon][E3SM] Success
[INFO][0][modelPlots][Biomass/GlobalCarbon][E3SM-FUN2.0] Success
[INFO][0][modelPlots][Biomass/GlobalCarbon][E3SM-FUN3.0] Success
[INFO][0][modelPlots][Biomass/NBCD2000][E3SM] Success
[INFO][0][modelPlots][Biomass/NBCD2000][E3SM-FUN2.0] Success
[INFO][0][modelPlots][Biomass/NBCD2000][E3SM-FUN3.0] Success
[INFO][0][modelPlots][Biomass/USForest][E3SM] Success
[INFO][0][modelPlots][Biomass/USForest][E3SM-FUN2.0] Success
[INFO][0][modelPlots][Biomass/USForest][E3SM-FUN3.0] Success
[INFO][0][modelPlots][Biomass/Thurner][E3SM] Success
[INFO][0][modelPlots][Biomass/Thurner][E3SM-FUN2.0] Success
[INFO][0][modelPlots][Biomass/Thurner][E3SM-FUN3.0] Success
[INFO][0][modelPlots][GrossPrimaryProductivity/FLUXNET2015][E3SM] Success
[INFO][0][modelPlots][GrossPrimaryProductivity/FLUXNET2015][E3SM-FUN2.0] Success
[INFO][0][modelPlots][GrossPrimaryProductivity/FLUXNET2015][E3SM-FUN3.0] Success
[INFO][0][modelPlots][GrossPrimaryProductivity/FLUXCOM][E3SM] Success
[INFO][0][modelPlots][GrossPrimaryProductivity/FLUXCOM][E3SM-FUN2.0] Success
[INFO][0][modelPlots][GrossPrimaryProductivity/FLUXCOM][E3SM-FUN3.0] Success
[INFO][0][modelPlots][LeafAreaIndex/AVHRR][E3SM] Success
[INFO][0][modelPlots][LeafAreaIndex/AVHRR][E3SM-FUN2.0] Success
[INFO][0][modelPlots][LeafAreaIndex/AVHRR][E3SM-FUN3.0] Success
[INFO][0][modelPlots][LeafAreaIndex/AVH15C1][E3SM] Success
[INFO][0][modelPlots][LeafAreaIndex/AVH15C1][E3SM-FUN2.0] Success
[INFO][0][modelPlots][LeafAreaIndex/AVH15C1][E3SM-FUN3.0] Success
[INFO][0][modelPlots][LeafAreaIndex/MODIS][E3SM] Success
[INFO][0][modelPlots][LeafAreaIndex/MODIS][E3SM-FUN2.0] Success
[INFO][0][modelPlots][LeafAreaIndex/MODIS][E3SM-FUN3.0] Success
[INFO][0][modelPlots][GlobalNetEcosystemCarbonBalance/GCP][E3SM] Success
[INFO][0][modelPlots][GlobalNetEcosystemCarbonBalance/GCP][E3SM-FUN2.0] Success
[INFO][0][modelPlots][GlobalNetEcosystemCarbonBalance/GCP][E3SM-FUN3.0] Success
[INFO][0][modelPlots][GlobalNetEcosystemCarbonBalance/Hoffman][E3SM] Success
[INFO][0][modelPlots][GlobalNetEcosystemCarbonBalance/Hoffman][E3SM-FUN2.0] Success
[INFO][0][modelPlots][GlobalNetEcosystemCarbonBalance/Hoffman][E3SM-FUN3.0] Success
[INFO][0][modelPlots][NetEcosystemExchange/FLUXNET2015][E3SM] Success
[INFO][0][modelPlots][NetEcosystemExchange/FLUXNET2015][E3SM-FUN2.0] Success
[INFO][0][modelPlots][NetEcosystemExchange/FLUXNET2015][E3SM-FUN3.0] Success
[INFO][0][modelPlots][EcosystemRespiration/FLUXNET2015][E3SM] Success
[INFO][0][modelPlots][EcosystemRespiration/FLUXNET2015][E3SM-FUN2.0] Success
[INFO][0][modelPlots][EcosystemRespiration/FLUXNET2015][E3SM-FUN3.0] Success
[INFO][0][modelPlots][EcosystemRespiration/FLUXCOM][E3SM] Success
[INFO][0][modelPlots][EcosystemRespiration/FLUXCOM][E3SM-FUN2.0] Success
[INFO][0][modelPlots][EcosystemRespiration/FLUXCOM][E3SM-FUN3.0] Success
[INFO][0][modelPlots][SoilCarbon/HWSD][E3SM] Success
[INFO][0][modelPlots][SoilCarbon/HWSD][E3SM-FUN2.0] Success
[INFO][0][modelPlots][SoilCarbon/HWSD][E3SM-FUN3.0] Success
[INFO][0][modelPlots][SoilCarbon/NCSCDV22][E3SM] Success
[INFO][0][modelPlots][SoilCarbon/NCSCDV22][E3SM-FUN2.0] Success
[INFO][0][modelPlots][SoilCarbon/NCSCDV22][E3SM-FUN3.0] Success
[INFO][0][modelPlots][Evapotranspiration/GLEAMv3.3a][E3SM] Success
[INFO][0][modelPlots][Evapotranspiration/GLEAMv3.3a][E3SM-FUN2.0] Success
[INFO][0][modelPlots][Evapotranspiration/GLEAMv3.3a][E3SM-FUN3.0] Success
[INFO][0][modelPlots][Evapotranspiration/MODIS][E3SM] Success
[INFO][0][modelPlots][Evapotranspiration/MODIS][E3SM-FUN2.0] Success
[INFO][0][modelPlots][Evapotranspiration/MODIS][E3SM-FUN3.0] Success
[INFO][0][modelPlots][Evapotranspiration/MOD16A2][E3SM] Success
[INFO][0][modelPlots][Evapotranspiration/MOD16A2][E3SM-FUN2.0] Success
[INFO][0][modelPlots][Evapotranspiration/MOD16A2][E3SM-FUN3.0] Success
[INFO][0][modelPlots][EvaporativeFraction/GBAF][E3SM] Success
[INFO][0][modelPlots][EvaporativeFraction/GBAF][E3SM-FUN2.0] Success
[INFO][0][modelPlots][EvaporativeFraction/GBAF][E3SM-FUN3.0] Success
[INFO][0][modelPlots][LatentHeat/FLUXNET2015][E3SM] Success
[INFO][0][modelPlots][LatentHeat/FLUXNET2015][E3SM-FUN2.0] Success
[INFO][0][modelPlots][LatentHeat/FLUXNET2015][E3SM-FUN3.0] Success
[INFO][0][modelPlots][LatentHeat/FLUXCOM][E3SM] Success
[INFO][0][modelPlots][LatentHeat/FLUXCOM][E3SM-FUN2.0] Success
[INFO][0][modelPlots][LatentHeat/FLUXCOM][E3SM-FUN3.0] Success
[INFO][0][modelPlots][LatentHeat/DOLCE][E3SM] Success
[INFO][0][modelPlots][LatentHeat/DOLCE][E3SM-FUN2.0] Success
[INFO][0][modelPlots][LatentHeat/DOLCE][E3SM-FUN3.0] Success
[INFO][0][modelPlots][Runoff/Dai][E3SM] Success
[INFO][0][modelPlots][Runoff/Dai][E3SM-FUN2.0] Success
[INFO][0][modelPlots][Runoff/Dai][E3SM-FUN3.0] Success
[INFO][0][modelPlots][Runoff/LORA][E3SM] Success
[INFO][0][modelPlots][Runoff/LORA][E3SM-FUN2.0] Success
[INFO][0][modelPlots][Runoff/LORA][E3SM-FUN3.0] Success
[INFO][0][modelPlots][SensibleHeat/FLUXNET2015][E3SM] Success
[INFO][0][modelPlots][SensibleHeat/FLUXNET2015][E3SM-FUN2.0] Success
[INFO][0][modelPlots][SensibleHeat/FLUXNET2015][E3SM-FUN3.0] Success
[INFO][0][modelPlots][SensibleHeat/FLUXCOM][E3SM] Success
[INFO][0][modelPlots][SensibleHeat/FLUXCOM][E3SM-FUN2.0] Success
[INFO][0][modelPlots][SensibleHeat/FLUXCOM][E3SM-FUN3.0] Success
[INFO][0][modelPlots][TerrestrialWaterStorageAnomaly/GRACE][E3SM] Success
[INFO][0][modelPlots][TerrestrialWaterStorageAnomaly/GRACE][E3SM-FUN2.0] Success
[INFO][0][modelPlots][TerrestrialWaterStorageAnomaly/GRACE][E3SM-FUN3.0] Success
[INFO][0][modelPlots][Albedo/CERESed4.1][E3SM] Success
[INFO][0][modelPlots][Albedo/CERESed4.1][E3SM-FUN2.0] Success
[INFO][0][modelPlots][Albedo/CERESed4.1][E3SM-FUN3.0] Success
[INFO][0][modelPlots][Albedo/GEWEX.SRB][E3SM] Success
[INFO][0][modelPlots][Albedo/GEWEX.SRB][E3SM-FUN2.0] Success
[INFO][0][modelPlots][Albedo/GEWEX.SRB][E3SM-FUN3.0] Success
[INFO][0][modelPlots][SurfaceUpwardSWRadiation/CERESed4.1][E3SM] Success
[INFO][0][modelPlots][SurfaceUpwardSWRadiation/CERESed4.1][E3SM-FUN2.0] Success
[INFO][0][modelPlots][SurfaceUpwardSWRadiation/CERESed4.1][E3SM-FUN3.0] Success
[INFO][0][modelPlots][SurfaceUpwardSWRadiation/FLUXNET2015][E3SM] Success
[INFO][0][modelPlots][SurfaceUpwardSWRadiation/FLUXNET2015][E3SM-FUN2.0] Success
[INFO][0][modelPlots][SurfaceUpwardSWRadiation/FLUXNET2015][E3SM-FUN3.0] Success
[INFO][0][modelPlots][SurfaceUpwardSWRadiation/GEWEX.SRB][E3SM] Success
[INFO][0][modelPlots][SurfaceUpwardSWRadiation/GEWEX.SRB][E3SM-FUN2.0] Success
[INFO][0][modelPlots][SurfaceUpwardSWRadiation/GEWEX.SRB][E3SM-FUN3.0] Success
[INFO][0][modelPlots][SurfaceUpwardSWRadiation/WRMC.BSRN][E3SM] Success
[INFO][0][modelPlots][SurfaceUpwardSWRadiation/WRMC.BSRN][E3SM-FUN2.0] Success
[INFO][0][modelPlots][SurfaceUpwardSWRadiation/WRMC.BSRN][E3SM-FUN3.0] Success
[INFO][0][modelPlots][SurfaceNetSWRadiation/CERESed4.1][E3SM] Success
[INFO][0][modelPlots][SurfaceNetSWRadiation/CERESed4.1][E3SM-FUN2.0] Success
[INFO][0][modelPlots][SurfaceNetSWRadiation/CERESed4.1][E3SM-FUN3.0] Success
[INFO][0][modelPlots][SurfaceNetSWRadiation/FLUXNET2015][E3SM] Success
[INFO][0][modelPlots][SurfaceNetSWRadiation/FLUXNET2015][E3SM-FUN2.0] Success
[INFO][0][modelPlots][SurfaceNetSWRadiation/FLUXNET2015][E3SM-FUN3.0] Success
[INFO][0][modelPlots][SurfaceNetSWRadiation/GEWEX.SRB][E3SM] Success
[INFO][0][modelPlots][SurfaceNetSWRadiation/GEWEX.SRB][E3SM-FUN2.0] Success
[INFO][0][modelPlots][SurfaceNetSWRadiation/GEWEX.SRB][E3SM-FUN3.0] Success
[INFO][0][modelPlots][SurfaceNetSWRadiation/WRMC.BSRN][E3SM] Success
[INFO][0][modelPlots][SurfaceNetSWRadiation/WRMC.BSRN][E3SM-FUN2.0] Success
[INFO][0][modelPlots][SurfaceNetSWRadiation/WRMC.BSRN][E3SM-FUN3.0] Success
[INFO][0][modelPlots][SurfaceUpwardLWRadiation/CERESed4.1][E3SM] Success
[INFO][0][modelPlots][SurfaceUpwardLWRadiation/CERESed4.1][E3SM-FUN2.0] Success
[INFO][0][modelPlots][SurfaceUpwardLWRadiation/CERESed4.1][E3SM-FUN3.0] Success
[INFO][0][modelPlots][SurfaceUpwardLWRadiation/FLUXNET2015][E3SM] Success
[INFO][0][modelPlots][SurfaceUpwardLWRadiation/FLUXNET2015][E3SM-FUN2.0] Success
[INFO][0][modelPlots][SurfaceUpwardLWRadiation/FLUXNET2015][E3SM-FUN3.0] Success
[INFO][0][modelPlots][SurfaceUpwardLWRadiation/GEWEX.SRB][E3SM] Success
[INFO][0][modelPlots][SurfaceUpwardLWRadiation/GEWEX.SRB][E3SM-FUN2.0] Success
[INFO][0][modelPlots][SurfaceUpwardLWRadiation/GEWEX.SRB][E3SM-FUN3.0] Success
[INFO][0][modelPlots][SurfaceUpwardLWRadiation/WRMC.BSRN][E3SM] Success
[INFO][0][modelPlots][SurfaceUpwardLWRadiation/WRMC.BSRN][E3SM-FUN2.0] Success
[INFO][0][modelPlots][SurfaceUpwardLWRadiation/WRMC.BSRN][E3SM-FUN3.0] Success
[INFO][0][modelPlots][SurfaceNetLWRadiation/CERESed4.1][E3SM] Success
[INFO][0][modelPlots][SurfaceNetLWRadiation/CERESed4.1][E3SM-FUN2.0] Success
[INFO][0][modelPlots][SurfaceNetLWRadiation/CERESed4.1][E3SM-FUN3.0] Success
[INFO][0][modelPlots][SurfaceNetLWRadiation/FLUXNET2015][E3SM] Success
[INFO][0][modelPlots][SurfaceNetLWRadiation/FLUXNET2015][E3SM-FUN2.0] Success
[INFO][0][modelPlots][SurfaceNetLWRadiation/FLUXNET2015][E3SM-FUN3.0] Success
[INFO][0][modelPlots][SurfaceNetLWRadiation/GEWEX.SRB][E3SM] Success
[INFO][0][modelPlots][SurfaceNetLWRadiation/GEWEX.SRB][E3SM-FUN2.0] Success
[INFO][0][modelPlots][SurfaceNetLWRadiation/GEWEX.SRB][E3SM-FUN3.0] Success
[INFO][0][modelPlots][SurfaceNetLWRadiation/WRMC.BSRN][E3SM] Success
[INFO][0][modelPlots][SurfaceNetLWRadiation/WRMC.BSRN][E3SM-FUN2.0] Success
[INFO][0][modelPlots][SurfaceNetLWRadiation/WRMC.BSRN][E3SM-FUN3.0] Success
[INFO][0][modelPlots][SurfaceNetRadiation/CERESed4.1][E3SM] Success
[INFO][0][modelPlots][SurfaceNetRadiation/CERESed4.1][E3SM-FUN2.0] Success
[INFO][0][modelPlots][SurfaceNetRadiation/CERESed4.1][E3SM-FUN3.0] Success
[INFO][0][modelPlots][SurfaceNetRadiation/FLUXNET2015][E3SM] Success
[INFO][0][modelPlots][SurfaceNetRadiation/FLUXNET2015][E3SM-FUN2.0] Success
[INFO][0][modelPlots][SurfaceNetRadiation/FLUXNET2015][E3SM-FUN3.0] Success
[INFO][0][modelPlots][SurfaceNetRadiation/GEWEX.SRB][E3SM] Success
[INFO][0][modelPlots][SurfaceNetRadiation/GEWEX.SRB][E3SM-FUN2.0] Success
[INFO][0][modelPlots][SurfaceNetRadiation/GEWEX.SRB][E3SM-FUN3.0] Success
[INFO][0][modelPlots][SurfaceNetRadiation/WRMC.BSRN][E3SM] Success
[INFO][0][modelPlots][SurfaceNetRadiation/WRMC.BSRN][E3SM-FUN2.0] Success
[INFO][0][modelPlots][SurfaceNetRadiation/WRMC.BSRN][E3SM-FUN3.0] Success
[INFO][0][modelPlots][SurfaceAirTemperature/CRU4.02][E3SM] Success
[INFO][0][modelPlots][SurfaceAirTemperature/CRU4.02][E3SM-FUN2.0] Success
[INFO][0][modelPlots][SurfaceAirTemperature/CRU4.02][E3SM-FUN3.0] Success
[INFO][0][modelPlots][SurfaceAirTemperature/FLUXNET2015][E3SM] Success
[INFO][0][modelPlots][SurfaceAirTemperature/FLUXNET2015][E3SM-FUN2.0] Success
[INFO][0][modelPlots][SurfaceAirTemperature/FLUXNET2015][E3SM-FUN3.0] Success
[INFO][0][modelPlots][Precipitation/CMAPv1904][E3SM] Success
[INFO][0][modelPlots][Precipitation/CMAPv1904][E3SM-FUN2.0] Success
[INFO][0][modelPlots][Precipitation/CMAPv1904][E3SM-FUN3.0] Success
[INFO][0][modelPlots][Precipitation/FLUXNET2015][E3SM] Success
[INFO][0][modelPlots][Precipitation/FLUXNET2015][E3SM-FUN2.0] Success
[INFO][0][modelPlots][Precipitation/FLUXNET2015][E3SM-FUN3.0] Success
[INFO][0][modelPlots][Precipitation/GPCCv2018][E3SM] Success
[INFO][0][modelPlots][Precipitation/GPCCv2018][E3SM-FUN2.0] Success
[INFO][0][modelPlots][Precipitation/GPCCv2018][E3SM-FUN3.0] Success
[INFO][0][modelPlots][Precipitation/GPCPv2.3][E3SM] Success
[INFO][0][modelPlots][Precipitation/GPCPv2.3][E3SM-FUN2.0] Success
[INFO][0][modelPlots][Precipitation/GPCPv2.3][E3SM-FUN3.0] Success
[INFO][0][modelPlots][SurfaceRelativeHumidity/ERA5][E3SM] Success
[INFO][0][modelPlots][SurfaceRelativeHumidity/ERA5][E3SM-FUN2.0] Success
[INFO][0][modelPlots][SurfaceRelativeHumidity/ERA5][E3SM-FUN3.0] Success
[INFO][0][modelPlots][SurfaceRelativeHumidity/CRU4.02][E3SM] Success
[INFO][0][modelPlots][SurfaceRelativeHumidity/CRU4.02][E3SM-FUN2.0] Success
[INFO][0][modelPlots][SurfaceRelativeHumidity/CRU4.02][E3SM-FUN3.0] Success
[INFO][0][modelPlots][SurfaceDownwardSWRadiation/CERESed4.1][E3SM] Success
[INFO][0][modelPlots][SurfaceDownwardSWRadiation/CERESed4.1][E3SM-FUN2.0] Success
[INFO][0][modelPlots][SurfaceDownwardSWRadiation/CERESed4.1][E3SM-FUN3.0] Success
[INFO][0][modelPlots][SurfaceDownwardSWRadiation/FLUXNET2015][E3SM] Success
[INFO][0][modelPlots][SurfaceDownwardSWRadiation/FLUXNET2015][E3SM-FUN2.0] Success
[INFO][0][modelPlots][SurfaceDownwardSWRadiation/FLUXNET2015][E3SM-FUN3.0] Success
[INFO][0][modelPlots][SurfaceDownwardSWRadiation/GEWEX.SRB][E3SM] Success
[INFO][0][modelPlots][SurfaceDownwardSWRadiation/GEWEX.SRB][E3SM-FUN2.0] Success
[INFO][0][modelPlots][SurfaceDownwardSWRadiation/GEWEX.SRB][E3SM-FUN3.0] Success
[INFO][0][modelPlots][SurfaceDownwardSWRadiation/WRMC.BSRN][E3SM] Success
[INFO][0][modelPlots][SurfaceDownwardSWRadiation/WRMC.BSRN][E3SM-FUN2.0] Success
[INFO][0][modelPlots][SurfaceDownwardSWRadiation/WRMC.BSRN][E3SM-FUN3.0] Success
[INFO][0][modelPlots][SurfaceDownwardLWRadiation/CERESed4.1][E3SM] Success
[INFO][0][modelPlots][SurfaceDownwardLWRadiation/CERESed4.1][E3SM-FUN2.0] Success
[INFO][0][modelPlots][SurfaceDownwardLWRadiation/CERESed4.1][E3SM-FUN3.0] Success
[INFO][0][modelPlots][SurfaceDownwardLWRadiation/FLUXNET2015][E3SM] Success
[INFO][0][modelPlots][SurfaceDownwardLWRadiation/FLUXNET2015][E3SM-FUN2.0] Success
[INFO][0][modelPlots][SurfaceDownwardLWRadiation/FLUXNET2015][E3SM-FUN3.0] Success
[INFO][0][modelPlots][SurfaceDownwardLWRadiation/GEWEX.SRB][E3SM] Success
[INFO][0][modelPlots][SurfaceDownwardLWRadiation/GEWEX.SRB][E3SM-FUN2.0] Success
[INFO][0][modelPlots][SurfaceDownwardLWRadiation/GEWEX.SRB][E3SM-FUN3.0] Success
[INFO][0][modelPlots][SurfaceDownwardLWRadiation/WRMC.BSRN][E3SM] Success
[INFO][0][modelPlots][SurfaceDownwardLWRadiation/WRMC.BSRN][E3SM-FUN2.0] Success
[INFO][0][modelPlots][SurfaceDownwardLWRadiation/WRMC.BSRN][E3SM-FUN3.0] Success
[INFO][0][<module>][total time] 7754.3 s
