[INFO][0][<module>] Linux renato-VirtualBox 5.4.0-110-generic #124-Ubuntu SMP Thu Apr 14 19:46:19 UTC 2022 x86_64
[INFO][0][<module>] /home/renato/anaconda3/envs/ilamb2.6/lib/python3.9/site-packages/ILAMB (2.6)
[INFO][0][<module>] /home/renato/anaconda3/envs/ilamb2.6/lib/python3.9/site-packages/numpy (1.20.3)
[INFO][0][<module>] /home/renato/anaconda3/envs/ilamb2.6/lib/python3.9/site-packages/matplotlib (3.4.2)
[INFO][0][<module>] /home/renato/anaconda3/envs/ilamb2.6/lib/python3.9/site-packages/netCDF4 (1.5.7)
[INFO][0][<module>] /home/renato/anaconda3/envs/ilamb2.6/lib/python3.9/site-packages/cf_units (2.1.5)
[INFO][0][<module>] /home/renato/anaconda3/envs/ilamb2.6/lib/python3.9/site-packages/sympy (1.8)
[INFO][0][<module>] /home/renato/anaconda3/envs/ilamb2.6/lib/python3.9/site-packages/mpi4py (3.0.3)
[INFO][0][<module>] 2022-05-17 15:20:43.263717
[INFO][0][confront][Biomass/GlobalCarbon][EnsembleCMIP6] Success
[INFO][0][confront][Biomass/GlobalCarbon][ELM] Success
[INFO][0][confront][Biomass/GlobalCarbon][ELM-FUN2.0] Success
[INFO][0][confront][Biomass/GlobalCarbon][ELM-FUN3.0] Success
[INFO][0][confront][GrossPrimaryProductivity/FLUXCOM][EnsembleCMIP6] Success
[INFO][0][confront][GrossPrimaryProductivity/FLUXCOM][ELM] Success
[INFO][0][confront][GrossPrimaryProductivity/FLUXCOM][ELM-FUN2.0] Success
[INFO][0][confront][GrossPrimaryProductivity/FLUXCOM][ELM-FUN3.0] Success
[INFO][0][confront][LeafAreaIndex/MODIS][EnsembleCMIP6] Success
[INFO][0][confront][LeafAreaIndex/MODIS][ELM] Success
[INFO][0][confront][LeafAreaIndex/MODIS][ELM-FUN2.0] Success
[INFO][0][confront][LeafAreaIndex/MODIS][ELM-FUN3.0] Success
[INFO][0][confront][NetEcosystemExchange/FLUXNET2015][EnsembleCMIP6] Success
[INFO][0][confront][NetEcosystemExchange/FLUXNET2015][ELM] Success
[INFO][0][confront][NetEcosystemExchange/FLUXNET2015][ELM-FUN2.0] Success
[INFO][0][confront][NetEcosystemExchange/FLUXNET2015][ELM-FUN3.0] Success
[INFO][0][confront][EcosystemRespiration/FLUXCOM][EnsembleCMIP6] Success
[INFO][0][confront][EcosystemRespiration/FLUXCOM][ELM] Success
[INFO][0][confront][EcosystemRespiration/FLUXCOM][ELM-FUN2.0] Success
[INFO][0][confront][EcosystemRespiration/FLUXCOM][ELM-FUN3.0] Success
[INFO][0][confront][SoilCarbon/HWSD][EnsembleCMIP6] Success
[INFO][0][confront][SoilCarbon/HWSD][ELM] Success
[INFO][0][confront][SoilCarbon/HWSD][ELM-FUN2.0] Success
[INFO][0][confront][SoilCarbon/HWSD][ELM-FUN3.0] Success
[DEBUG][0][extractTimeSeries][EnsembleCMIP6] Could not find [et,evspsbl] in the model results
[DEBUG][0][WorkConfront][Evapotranspiration/GLEAMv3.3a][EnsembleCMIP6]
Traceback (most recent call last):
  File "/home/renato/anaconda3/envs/ilamb2.6/bin/ilamb-run", line 384, in WorkConfront
    c.confront(m)
  File "/home/renato/anaconda3/envs/ilamb2.6/lib/python3.9/site-packages/ILAMB/Confrontation.py", line 349, in confront
    obs,mod = self.stageData(m)
  File "/home/renato/anaconda3/envs/ilamb2.6/lib/python3.9/site-packages/ILAMB/Confrontation.py", line 296, in stageData
    mod = m.extractTimeSeries(self.variable,
  File "/home/renato/anaconda3/envs/ilamb2.6/lib/python3.9/site-packages/ILAMB/ModelResult.py", line 326, in extractTimeSeries
    raise il.VarNotInModel()
ILAMB.ilamblib.VarNotInModel: VarNotInModel

[INFO][0][confront][Evapotranspiration/GLEAMv3.3a][ELM] Success
[INFO][0][confront][Evapotranspiration/GLEAMv3.3a][ELM-FUN2.0] Success
[INFO][0][confront][Evapotranspiration/GLEAMv3.3a][ELM-FUN3.0] Success
[INFO][0][confront][SurfaceAirTemperature/CRU4.02][EnsembleCMIP6] Success
[INFO][0][confront][SurfaceAirTemperature/CRU4.02][ELM] Success
[INFO][0][confront][SurfaceAirTemperature/CRU4.02][ELM-FUN2.0] Success
[INFO][0][confront][SurfaceAirTemperature/CRU4.02][ELM-FUN3.0] Success
[INFO][0][confront][Precipitation/GPCPv2.3][EnsembleCMIP6] Success
[INFO][0][confront][Precipitation/GPCPv2.3][ELM] Success
[INFO][0][confront][Precipitation/GPCPv2.3][ELM-FUN2.0] Success
[INFO][0][confront][Precipitation/GPCPv2.3][ELM-FUN3.0] Success
[INFO][0][confront][SurfaceDownwardSWRadiation/CERESed4.1][EnsembleCMIP6] Success
[INFO][0][confront][SurfaceDownwardSWRadiation/CERESed4.1][ELM] Success
[INFO][0][confront][SurfaceDownwardSWRadiation/CERESed4.1][ELM-FUN2.0] Success
[INFO][0][confront][SurfaceDownwardSWRadiation/CERESed4.1][ELM-FUN3.0] Success
[INFO][0][modelPlots][Biomass/GlobalCarbon][EnsembleCMIP6] Success
[INFO][0][modelPlots][Biomass/GlobalCarbon][ELM] Success
[INFO][0][modelPlots][Biomass/GlobalCarbon][ELM-FUN2.0] Success
[INFO][0][modelPlots][Biomass/GlobalCarbon][ELM-FUN3.0] Success
[INFO][0][modelPlots][GrossPrimaryProductivity/FLUXCOM][EnsembleCMIP6] Success
[INFO][0][modelPlots][GrossPrimaryProductivity/FLUXCOM][ELM] Success
[INFO][0][modelPlots][GrossPrimaryProductivity/FLUXCOM][ELM-FUN2.0] Success
[INFO][0][modelPlots][GrossPrimaryProductivity/FLUXCOM][ELM-FUN3.0] Success
[INFO][0][modelPlots][LeafAreaIndex/MODIS][EnsembleCMIP6] Success
[INFO][0][modelPlots][LeafAreaIndex/MODIS][ELM] Success
[INFO][0][modelPlots][LeafAreaIndex/MODIS][ELM-FUN2.0] Success
[INFO][0][modelPlots][LeafAreaIndex/MODIS][ELM-FUN3.0] Success
[INFO][0][modelPlots][GlobalNetEcosystemCarbonBalance/GCP][EnsembleCMIP6] Success
[INFO][0][modelPlots][GlobalNetEcosystemCarbonBalance/GCP][ELM] Success
[INFO][0][modelPlots][GlobalNetEcosystemCarbonBalance/GCP][ELM-FUN2.0] Success
[INFO][0][modelPlots][GlobalNetEcosystemCarbonBalance/GCP][ELM-FUN3.0] Success
[INFO][0][modelPlots][GlobalNetEcosystemCarbonBalance/Hoffman][EnsembleCMIP6] Success
[INFO][0][modelPlots][GlobalNetEcosystemCarbonBalance/Hoffman][ELM] Success
[INFO][0][modelPlots][GlobalNetEcosystemCarbonBalance/Hoffman][ELM-FUN2.0] Success
[INFO][0][modelPlots][GlobalNetEcosystemCarbonBalance/Hoffman][ELM-FUN3.0] Success
[INFO][0][modelPlots][NetEcosystemExchange/FLUXNET2015][EnsembleCMIP6] Success
[INFO][0][modelPlots][NetEcosystemExchange/FLUXNET2015][ELM] Success
[INFO][0][modelPlots][NetEcosystemExchange/FLUXNET2015][ELM-FUN2.0] Success
[INFO][0][modelPlots][NetEcosystemExchange/FLUXNET2015][ELM-FUN3.0] Success
[INFO][0][modelPlots][EcosystemRespiration/FLUXCOM][EnsembleCMIP6] Success
[INFO][0][modelPlots][EcosystemRespiration/FLUXCOM][ELM] Success
[INFO][0][modelPlots][EcosystemRespiration/FLUXCOM][ELM-FUN2.0] Success
[INFO][0][modelPlots][EcosystemRespiration/FLUXCOM][ELM-FUN3.0] Success
[INFO][0][modelPlots][SoilCarbon/HWSD][EnsembleCMIP6] Success
[INFO][0][modelPlots][SoilCarbon/HWSD][ELM] Success
[INFO][0][modelPlots][SoilCarbon/HWSD][ELM-FUN2.0] Success
[INFO][0][modelPlots][SoilCarbon/HWSD][ELM-FUN3.0] Success
[INFO][0][modelPlots][Evapotranspiration/GLEAMv3.3a][ELM] Success
[INFO][0][modelPlots][Evapotranspiration/GLEAMv3.3a][ELM-FUN2.0] Success
[INFO][0][modelPlots][Evapotranspiration/GLEAMv3.3a][ELM-FUN3.0] Success
[INFO][0][modelPlots][SurfaceAirTemperature/CRU4.02][EnsembleCMIP6] Success
[INFO][0][modelPlots][SurfaceAirTemperature/CRU4.02][ELM] Success
[INFO][0][modelPlots][SurfaceAirTemperature/CRU4.02][ELM-FUN2.0] Success
[INFO][0][modelPlots][SurfaceAirTemperature/CRU4.02][ELM-FUN3.0] Success
[INFO][0][modelPlots][Precipitation/GPCPv2.3][EnsembleCMIP6] Success
[INFO][0][modelPlots][Precipitation/GPCPv2.3][ELM] Success
[INFO][0][modelPlots][Precipitation/GPCPv2.3][ELM-FUN2.0] Success
[INFO][0][modelPlots][Precipitation/GPCPv2.3][ELM-FUN3.0] Success
[INFO][0][modelPlots][SurfaceDownwardSWRadiation/CERESed4.1][EnsembleCMIP6] Success
[INFO][0][modelPlots][SurfaceDownwardSWRadiation/CERESed4.1][ELM] Success
[INFO][0][modelPlots][SurfaceDownwardSWRadiation/CERESed4.1][ELM-FUN2.0] Success
[INFO][0][modelPlots][SurfaceDownwardSWRadiation/CERESed4.1][ELM-FUN3.0] Success
[INFO][0][<module>][total time] 1931.7 s
