[INFO][0][<module>] Linux renato-VirtualBox 5.0.0-25-generic #26~18.04.1-Ubuntu SMP Thu Aug 1 13:51:02 UTC 2019 x86_64
[INFO][0][<module>] /home/renato/anaconda3/envs/ilamb2/lib/python3.7/site-packages/ILAMB-2.4-py3.7.egg/ILAMB (2.4)
[INFO][0][<module>] /home/renato/anaconda3/envs/ilamb2/lib/python3.7/site-packages/numpy (1.17.0)
[INFO][0][<module>] /home/renato/anaconda3/envs/ilamb2/lib/python3.7/site-packages/matplotlib (3.1.1)
[INFO][0][<module>] /home/renato/.local/lib/python3.7/site-packages/netCDF4 (1.5.1.2)
[INFO][0][<module>] /home/renato/anaconda3/envs/ilamb2/lib/python3.7/site-packages/cf_units (2.1.3)
[INFO][0][<module>] /home/renato/anaconda3/envs/ilamb2/lib/python3.7/site-packages/sympy (1.4)
[INFO][0][<module>] /home/renato/anaconda3/envs/ilamb2/lib/python3.7/site-packages/mpi4py (3.0.1)
[INFO][0][<module>] 2019-08-29 14:34:32.778982
[INFO][0][confront][Biomass/GlobalCarbon][CLM50BGCFUN2] Success
[INFO][0][confront][Biomass/GlobalCarbon][CLM50BGCFUN2-Soudzilovskaia] Success
[INFO][0][confront][Biomass/GlobalCarbon][CLM50BGCFUN2-Soudzi_grid] Success
[INFO][0][confront][Biomass/GlobalCarbon][CLM50BGCFUN2-Steidinger] Success
[INFO][0][confront][Biomass/GlobalCarbon][CLM50BGCFUN2-Stein_grid] Success
[INFO][0][confront][Biomass/GlobalCarbon][CLM50BGCFUN2-Sulman] Success
[INFO][0][confront][Biomass/GlobalCarbon][CLM50BGCFUN2-Sulman_grid] Success
[INFO][0][confront][Biomass/NBCD2000][CLM50BGCFUN2] Success
[INFO][0][confront][Biomass/NBCD2000][CLM50BGCFUN2-Soudzilovskaia] Success
[INFO][0][confront][Biomass/NBCD2000][CLM50BGCFUN2-Soudzi_grid] Success
[INFO][0][confront][Biomass/NBCD2000][CLM50BGCFUN2-Steidinger] Success
[INFO][0][confront][Biomass/NBCD2000][CLM50BGCFUN2-Stein_grid] Success
[INFO][0][confront][Biomass/NBCD2000][CLM50BGCFUN2-Sulman] Success
[INFO][0][confront][Biomass/NBCD2000][CLM50BGCFUN2-Sulman_grid] Success
[INFO][0][confront][Biomass/USForest][CLM50BGCFUN2] Success
[INFO][0][confront][Biomass/USForest][CLM50BGCFUN2-Soudzilovskaia] Success
[INFO][0][confront][Biomass/USForest][CLM50BGCFUN2-Soudzi_grid] Success
[INFO][0][confront][Biomass/USForest][CLM50BGCFUN2-Steidinger] Success
[INFO][0][confront][Biomass/USForest][CLM50BGCFUN2-Stein_grid] Success
[INFO][0][confront][Biomass/USForest][CLM50BGCFUN2-Sulman] Success
[INFO][0][confront][Biomass/USForest][CLM50BGCFUN2-Sulman_grid] Success
[INFO][0][confront][BurnedArea/GFED3][CLM50BGCFUN2] Success
[INFO][0][confront][BurnedArea/GFED3][CLM50BGCFUN2-Soudzilovskaia] Success
[INFO][0][confront][BurnedArea/GFED3][CLM50BGCFUN2-Soudzi_grid] Success
[INFO][0][confront][BurnedArea/GFED3][CLM50BGCFUN2-Steidinger] Success
[INFO][0][confront][BurnedArea/GFED3][CLM50BGCFUN2-Stein_grid] Success
[INFO][0][confront][BurnedArea/GFED3][CLM50BGCFUN2-Sulman] Success
[INFO][0][confront][BurnedArea/GFED3][CLM50BGCFUN2-Sulman_grid] Success
[INFO][0][confront][BurnedArea/GFED4][CLM50BGCFUN2] Success
[INFO][0][confront][BurnedArea/GFED4][CLM50BGCFUN2-Soudzilovskaia] Success
[INFO][0][confront][BurnedArea/GFED4][CLM50BGCFUN2-Soudzi_grid] Success
[INFO][0][confront][BurnedArea/GFED4][CLM50BGCFUN2-Steidinger] Success
[INFO][0][confront][BurnedArea/GFED4][CLM50BGCFUN2-Stein_grid] Success
[INFO][0][confront][BurnedArea/GFED4][CLM50BGCFUN2-Sulman] Success
[INFO][0][confront][BurnedArea/GFED4][CLM50BGCFUN2-Sulman_grid] Success
[INFO][0][confront][BurnedArea/GFED4S][CLM50BGCFUN2] Success
[INFO][0][confront][BurnedArea/GFED4S][CLM50BGCFUN2-Soudzilovskaia] Success
[INFO][0][confront][BurnedArea/GFED4S][CLM50BGCFUN2-Soudzi_grid] Success
[INFO][0][confront][BurnedArea/GFED4S][CLM50BGCFUN2-Steidinger] Success
[INFO][0][confront][BurnedArea/GFED4S][CLM50BGCFUN2-Stein_grid] Success
[INFO][0][confront][BurnedArea/GFED4S][CLM50BGCFUN2-Sulman] Success
[INFO][0][confront][BurnedArea/GFED4S][CLM50BGCFUN2-Sulman_grid] Success
[INFO][0][confront][GrossPrimaryProductivity/Fluxnet][CLM50BGCFUN2] Success
[INFO][0][confront][GrossPrimaryProductivity/Fluxnet][CLM50BGCFUN2-Soudzilovskaia] Success
[INFO][0][confront][GrossPrimaryProductivity/Fluxnet][CLM50BGCFUN2-Soudzi_grid] Success
[INFO][0][confront][GrossPrimaryProductivity/Fluxnet][CLM50BGCFUN2-Steidinger] Success
[INFO][0][confront][GrossPrimaryProductivity/Fluxnet][CLM50BGCFUN2-Stein_grid] Success
[INFO][0][confront][GrossPrimaryProductivity/Fluxnet][CLM50BGCFUN2-Sulman] Success
[INFO][0][confront][GrossPrimaryProductivity/Fluxnet][CLM50BGCFUN2-Sulman_grid] Success
[INFO][0][confront][GrossPrimaryProductivity/GBAF][CLM50BGCFUN2] Success
[INFO][0][confront][GrossPrimaryProductivity/GBAF][CLM50BGCFUN2-Soudzilovskaia] Success
[INFO][0][confront][GrossPrimaryProductivity/GBAF][CLM50BGCFUN2-Soudzi_grid] Success
[INFO][0][confront][GrossPrimaryProductivity/GBAF][CLM50BGCFUN2-Steidinger] Success
[INFO][0][confront][GrossPrimaryProductivity/GBAF][CLM50BGCFUN2-Stein_grid] Success
[INFO][0][confront][GrossPrimaryProductivity/GBAF][CLM50BGCFUN2-Sulman] Success
[INFO][0][confront][GrossPrimaryProductivity/GBAF][CLM50BGCFUN2-Sulman_grid] Success
[INFO][0][confront][LeafAreaIndex/AVHRR][CLM50BGCFUN2] Success
[INFO][0][confront][LeafAreaIndex/AVHRR][CLM50BGCFUN2-Soudzilovskaia] Success
[INFO][0][confront][LeafAreaIndex/AVHRR][CLM50BGCFUN2-Soudzi_grid] Success
[INFO][0][confront][LeafAreaIndex/AVHRR][CLM50BGCFUN2-Steidinger] Success
[INFO][0][confront][LeafAreaIndex/AVHRR][CLM50BGCFUN2-Stein_grid] Success
[INFO][0][confront][LeafAreaIndex/AVHRR][CLM50BGCFUN2-Sulman] Success
[INFO][0][confront][LeafAreaIndex/AVHRR][CLM50BGCFUN2-Sulman_grid] Success
[INFO][0][confront][LeafAreaIndex/MODIS][CLM50BGCFUN2] Success
[INFO][0][confront][LeafAreaIndex/MODIS][CLM50BGCFUN2-Soudzilovskaia] Success
[INFO][0][confront][LeafAreaIndex/MODIS][CLM50BGCFUN2-Soudzi_grid] Success
[INFO][0][confront][LeafAreaIndex/MODIS][CLM50BGCFUN2-Steidinger] Success
[INFO][0][confront][LeafAreaIndex/MODIS][CLM50BGCFUN2-Stein_grid] Success
[INFO][0][confront][LeafAreaIndex/MODIS][CLM50BGCFUN2-Sulman] Success
[INFO][0][confront][LeafAreaIndex/MODIS][CLM50BGCFUN2-Sulman_grid] Success
[INFO][0][confront][NetEcosystemExchange/Fluxnet][CLM50BGCFUN2] Success
[INFO][0][confront][NetEcosystemExchange/Fluxnet][CLM50BGCFUN2-Soudzilovskaia] Success
[INFO][0][confront][NetEcosystemExchange/Fluxnet][CLM50BGCFUN2-Soudzi_grid] Success
[INFO][0][confront][NetEcosystemExchange/Fluxnet][CLM50BGCFUN2-Steidinger] Success
[INFO][0][confront][NetEcosystemExchange/Fluxnet][CLM50BGCFUN2-Stein_grid] Success
[INFO][0][confront][NetEcosystemExchange/Fluxnet][CLM50BGCFUN2-Sulman] Success
[INFO][0][confront][NetEcosystemExchange/Fluxnet][CLM50BGCFUN2-Sulman_grid] Success
[INFO][0][confront][NetEcosystemExchange/GBAF][CLM50BGCFUN2] Success
[INFO][0][confront][NetEcosystemExchange/GBAF][CLM50BGCFUN2-Soudzilovskaia] Success
[INFO][0][confront][NetEcosystemExchange/GBAF][CLM50BGCFUN2-Soudzi_grid] Success
[INFO][0][confront][NetEcosystemExchange/GBAF][CLM50BGCFUN2-Steidinger] Success
[INFO][0][confront][NetEcosystemExchange/GBAF][CLM50BGCFUN2-Stein_grid] Success
[INFO][0][confront][NetEcosystemExchange/GBAF][CLM50BGCFUN2-Sulman] Success
[INFO][0][confront][NetEcosystemExchange/GBAF][CLM50BGCFUN2-Sulman_grid] Success
[INFO][0][confront][EcosystemRespiration/Fluxnet][CLM50BGCFUN2] Success
[INFO][0][confront][EcosystemRespiration/Fluxnet][CLM50BGCFUN2-Soudzilovskaia] Success
[INFO][0][confront][EcosystemRespiration/Fluxnet][CLM50BGCFUN2-Soudzi_grid] Success
[INFO][0][confront][EcosystemRespiration/Fluxnet][CLM50BGCFUN2-Steidinger] Success
[INFO][0][confront][EcosystemRespiration/Fluxnet][CLM50BGCFUN2-Stein_grid] Success
[INFO][0][confront][EcosystemRespiration/Fluxnet][CLM50BGCFUN2-Sulman] Success
[INFO][0][confront][EcosystemRespiration/Fluxnet][CLM50BGCFUN2-Sulman_grid] Success
[INFO][0][confront][EcosystemRespiration/GBAF][CLM50BGCFUN2] Success
[INFO][0][confront][EcosystemRespiration/GBAF][CLM50BGCFUN2-Soudzilovskaia] Success
[INFO][0][confront][EcosystemRespiration/GBAF][CLM50BGCFUN2-Soudzi_grid] Success
[INFO][0][confront][EcosystemRespiration/GBAF][CLM50BGCFUN2-Steidinger] Success
[INFO][0][confront][EcosystemRespiration/GBAF][CLM50BGCFUN2-Stein_grid] Success
[INFO][0][confront][EcosystemRespiration/GBAF][CLM50BGCFUN2-Sulman] Success
[INFO][0][confront][EcosystemRespiration/GBAF][CLM50BGCFUN2-Sulman_grid] Success
[INFO][0][confront][SoilCarbon/HWSD][CLM50BGCFUN2] Success
[INFO][0][confront][SoilCarbon/HWSD][CLM50BGCFUN2-Soudzilovskaia] Success
[INFO][0][confront][SoilCarbon/HWSD][CLM50BGCFUN2-Soudzi_grid] Success
[INFO][0][confront][SoilCarbon/HWSD][CLM50BGCFUN2-Steidinger] Success
[INFO][0][confront][SoilCarbon/HWSD][CLM50BGCFUN2-Stein_grid] Success
[INFO][0][confront][SoilCarbon/HWSD][CLM50BGCFUN2-Sulman] Success
[INFO][0][confront][SoilCarbon/HWSD][CLM50BGCFUN2-Sulman_grid] Success
[INFO][0][confront][SoilCarbon/NCSCDV22][CLM50BGCFUN2] Success
[INFO][0][confront][SoilCarbon/NCSCDV22][CLM50BGCFUN2-Soudzilovskaia] Success
[INFO][0][confront][SoilCarbon/NCSCDV22][CLM50BGCFUN2-Soudzi_grid] Success
[INFO][0][confront][SoilCarbon/NCSCDV22][CLM50BGCFUN2-Steidinger] Success
[INFO][0][confront][SoilCarbon/NCSCDV22][CLM50BGCFUN2-Stein_grid] Success
[INFO][0][confront][SoilCarbon/NCSCDV22][CLM50BGCFUN2-Sulman] Success
[INFO][0][confront][SoilCarbon/NCSCDV22][CLM50BGCFUN2-Sulman_grid] Success
[INFO][0][confront][Evapotranspiration/GLEAM][CLM50BGCFUN2] Success
[INFO][0][confront][Evapotranspiration/GLEAM][CLM50BGCFUN2-Soudzilovskaia] Success
[INFO][0][confront][Evapotranspiration/GLEAM][CLM50BGCFUN2-Soudzi_grid] Success
[INFO][0][confront][Evapotranspiration/GLEAM][CLM50BGCFUN2-Steidinger] Success
[INFO][0][confront][Evapotranspiration/GLEAM][CLM50BGCFUN2-Stein_grid] Success
[INFO][0][confront][Evapotranspiration/GLEAM][CLM50BGCFUN2-Sulman] Success
[INFO][0][confront][Evapotranspiration/GLEAM][CLM50BGCFUN2-Sulman_grid] Success
[INFO][0][confront][Evapotranspiration/MODIS][CLM50BGCFUN2] Success
[INFO][0][confront][Evapotranspiration/MODIS][CLM50BGCFUN2-Soudzilovskaia] Success
[INFO][0][confront][Evapotranspiration/MODIS][CLM50BGCFUN2-Soudzi_grid] Success
[INFO][0][confront][Evapotranspiration/MODIS][CLM50BGCFUN2-Steidinger] Success
[INFO][0][confront][Evapotranspiration/MODIS][CLM50BGCFUN2-Stein_grid] Success
[INFO][0][confront][Evapotranspiration/MODIS][CLM50BGCFUN2-Sulman] Success
[INFO][0][confront][Evapotranspiration/MODIS][CLM50BGCFUN2-Sulman_grid] Success
[INFO][0][confront][EvaporativeFraction/GBAF][CLM50BGCFUN2] Success
[INFO][0][confront][EvaporativeFraction/GBAF][CLM50BGCFUN2-Soudzilovskaia] Success
[INFO][0][confront][EvaporativeFraction/GBAF][CLM50BGCFUN2-Soudzi_grid] Success
[INFO][0][confront][EvaporativeFraction/GBAF][CLM50BGCFUN2-Steidinger] Success
[INFO][0][confront][EvaporativeFraction/GBAF][CLM50BGCFUN2-Stein_grid] Success
[INFO][0][confront][EvaporativeFraction/GBAF][CLM50BGCFUN2-Sulman] Success
[INFO][0][confront][EvaporativeFraction/GBAF][CLM50BGCFUN2-Sulman_grid] Success
[INFO][0][confront][LatentHeat/Fluxnet][CLM50BGCFUN2] Success
[INFO][0][confront][LatentHeat/Fluxnet][CLM50BGCFUN2-Soudzilovskaia] Success
[INFO][0][confront][LatentHeat/Fluxnet][CLM50BGCFUN2-Soudzi_grid] Success
[INFO][0][confront][LatentHeat/Fluxnet][CLM50BGCFUN2-Steidinger] Success
[INFO][0][confront][LatentHeat/Fluxnet][CLM50BGCFUN2-Stein_grid] Success
[INFO][0][confront][LatentHeat/Fluxnet][CLM50BGCFUN2-Sulman] Success
[INFO][0][confront][LatentHeat/Fluxnet][CLM50BGCFUN2-Sulman_grid] Success
[INFO][0][confront][LatentHeat/GBAF][CLM50BGCFUN2] Success
[INFO][0][confront][LatentHeat/GBAF][CLM50BGCFUN2-Soudzilovskaia] Success
[INFO][0][confront][LatentHeat/GBAF][CLM50BGCFUN2-Soudzi_grid] Success
[INFO][0][confront][LatentHeat/GBAF][CLM50BGCFUN2-Steidinger] Success
[INFO][0][confront][LatentHeat/GBAF][CLM50BGCFUN2-Stein_grid] Success
[INFO][0][confront][LatentHeat/GBAF][CLM50BGCFUN2-Sulman] Success
[INFO][0][confront][LatentHeat/GBAF][CLM50BGCFUN2-Sulman_grid] Success
[INFO][0][confront][SensibleHeat/Fluxnet][CLM50BGCFUN2] Success
[INFO][0][confront][SensibleHeat/Fluxnet][CLM50BGCFUN2-Soudzilovskaia] Success
[INFO][0][confront][SensibleHeat/Fluxnet][CLM50BGCFUN2-Soudzi_grid] Success
[INFO][0][confront][SensibleHeat/Fluxnet][CLM50BGCFUN2-Steidinger] Success
[INFO][0][confront][SensibleHeat/Fluxnet][CLM50BGCFUN2-Stein_grid] Success
[INFO][0][confront][SensibleHeat/Fluxnet][CLM50BGCFUN2-Sulman] Success
[INFO][0][confront][SensibleHeat/Fluxnet][CLM50BGCFUN2-Sulman_grid] Success
[INFO][0][confront][SensibleHeat/GBAF][CLM50BGCFUN2] Success
[INFO][0][confront][SensibleHeat/GBAF][CLM50BGCFUN2-Soudzilovskaia] Success
[INFO][0][confront][SensibleHeat/GBAF][CLM50BGCFUN2-Soudzi_grid] Success
[INFO][0][confront][SensibleHeat/GBAF][CLM50BGCFUN2-Steidinger] Success
[INFO][0][confront][SensibleHeat/GBAF][CLM50BGCFUN2-Stein_grid] Success
[INFO][0][confront][SensibleHeat/GBAF][CLM50BGCFUN2-Sulman] Success
[INFO][0][confront][SensibleHeat/GBAF][CLM50BGCFUN2-Sulman_grid] Success
[INFO][0][confront][Albedo/CERES][CLM50BGCFUN2] Success
[INFO][0][confront][Albedo/CERES][CLM50BGCFUN2-Soudzilovskaia] Success
[INFO][0][confront][Albedo/CERES][CLM50BGCFUN2-Soudzi_grid] Success
[INFO][0][confront][Albedo/CERES][CLM50BGCFUN2-Steidinger] Success
[INFO][0][confront][Albedo/CERES][CLM50BGCFUN2-Stein_grid] Success
[INFO][0][confront][Albedo/CERES][CLM50BGCFUN2-Sulman] Success
[INFO][0][confront][Albedo/CERES][CLM50BGCFUN2-Sulman_grid] Success
[INFO][0][confront][Albedo/GEWEX.SRB][CLM50BGCFUN2] Success
[INFO][0][confront][Albedo/GEWEX.SRB][CLM50BGCFUN2-Soudzilovskaia] Success
[INFO][0][confront][Albedo/GEWEX.SRB][CLM50BGCFUN2-Soudzi_grid] Success
[INFO][0][confront][Albedo/GEWEX.SRB][CLM50BGCFUN2-Steidinger] Success
[INFO][0][confront][Albedo/GEWEX.SRB][CLM50BGCFUN2-Stein_grid] Success
[INFO][0][confront][Albedo/GEWEX.SRB][CLM50BGCFUN2-Sulman] Success
[INFO][0][confront][Albedo/GEWEX.SRB][CLM50BGCFUN2-Sulman_grid] Success
[INFO][0][confront][Albedo/MODIS][CLM50BGCFUN2] Success
[INFO][0][confront][Albedo/MODIS][CLM50BGCFUN2-Soudzilovskaia] Success
[INFO][0][confront][Albedo/MODIS][CLM50BGCFUN2-Soudzi_grid] Success
[INFO][0][confront][Albedo/MODIS][CLM50BGCFUN2-Steidinger] Success
[INFO][0][confront][Albedo/MODIS][CLM50BGCFUN2-Stein_grid] Success
[INFO][0][confront][Albedo/MODIS][CLM50BGCFUN2-Sulman] Success
[INFO][0][confront][Albedo/MODIS][CLM50BGCFUN2-Sulman_grid] Success
[INFO][0][confront][SurfaceUpwardSWRadiation/CERES][CLM50BGCFUN2] Success
[INFO][0][confront][SurfaceUpwardSWRadiation/CERES][CLM50BGCFUN2-Soudzilovskaia] Success
[INFO][0][confront][SurfaceUpwardSWRadiation/CERES][CLM50BGCFUN2-Soudzi_grid] Success
[INFO][0][confront][SurfaceUpwardSWRadiation/CERES][CLM50BGCFUN2-Steidinger] Success
[INFO][0][confront][SurfaceUpwardSWRadiation/CERES][CLM50BGCFUN2-Stein_grid] Success
[INFO][0][confront][SurfaceUpwardSWRadiation/CERES][CLM50BGCFUN2-Sulman] Success
[INFO][0][confront][SurfaceUpwardSWRadiation/CERES][CLM50BGCFUN2-Sulman_grid] Success
[INFO][0][confront][SurfaceUpwardSWRadiation/GEWEX.SRB][CLM50BGCFUN2] Success
[INFO][0][confront][SurfaceUpwardSWRadiation/GEWEX.SRB][CLM50BGCFUN2-Soudzilovskaia] Success
[INFO][0][confront][SurfaceUpwardSWRadiation/GEWEX.SRB][CLM50BGCFUN2-Soudzi_grid] Success
[INFO][0][confront][SurfaceUpwardSWRadiation/GEWEX.SRB][CLM50BGCFUN2-Steidinger] Success
[INFO][0][confront][SurfaceUpwardSWRadiation/GEWEX.SRB][CLM50BGCFUN2-Stein_grid] Success
[INFO][0][confront][SurfaceUpwardSWRadiation/GEWEX.SRB][CLM50BGCFUN2-Sulman] Success
[INFO][0][confront][SurfaceUpwardSWRadiation/GEWEX.SRB][CLM50BGCFUN2-Sulman_grid] Success
[INFO][0][confront][SurfaceUpwardSWRadiation/WRMC.BSRN][CLM50BGCFUN2] Success
[INFO][0][confront][SurfaceUpwardSWRadiation/WRMC.BSRN][CLM50BGCFUN2-Soudzilovskaia] Success
[INFO][0][confront][SurfaceUpwardSWRadiation/WRMC.BSRN][CLM50BGCFUN2-Soudzi_grid] Success
[INFO][0][confront][SurfaceUpwardSWRadiation/WRMC.BSRN][CLM50BGCFUN2-Steidinger] Success
[INFO][0][confront][SurfaceUpwardSWRadiation/WRMC.BSRN][CLM50BGCFUN2-Stein_grid] Success
[INFO][0][confront][SurfaceUpwardSWRadiation/WRMC.BSRN][CLM50BGCFUN2-Sulman] Success
[INFO][0][confront][SurfaceUpwardSWRadiation/WRMC.BSRN][CLM50BGCFUN2-Sulman_grid] Success
[INFO][0][confront][SurfaceNetSWRadiation/CERES][CLM50BGCFUN2] Success
[INFO][0][confront][SurfaceNetSWRadiation/CERES][CLM50BGCFUN2-Soudzilovskaia] Success
[INFO][0][confront][SurfaceNetSWRadiation/CERES][CLM50BGCFUN2-Soudzi_grid] Success
[INFO][0][confront][SurfaceNetSWRadiation/CERES][CLM50BGCFUN2-Steidinger] Success
[INFO][0][confront][SurfaceNetSWRadiation/CERES][CLM50BGCFUN2-Stein_grid] Success
[INFO][0][confront][SurfaceNetSWRadiation/CERES][CLM50BGCFUN2-Sulman] Success
[INFO][0][confront][SurfaceNetSWRadiation/CERES][CLM50BGCFUN2-Sulman_grid] Success
[INFO][0][confront][SurfaceNetSWRadiation/GEWEX.SRB][CLM50BGCFUN2] Success
[INFO][0][confront][SurfaceNetSWRadiation/GEWEX.SRB][CLM50BGCFUN2-Soudzilovskaia] Success
[INFO][0][confront][SurfaceNetSWRadiation/GEWEX.SRB][CLM50BGCFUN2-Soudzi_grid] Success
[INFO][0][confront][SurfaceNetSWRadiation/GEWEX.SRB][CLM50BGCFUN2-Steidinger] Success
[INFO][0][confront][SurfaceNetSWRadiation/GEWEX.SRB][CLM50BGCFUN2-Stein_grid] Success
[INFO][0][confront][SurfaceNetSWRadiation/GEWEX.SRB][CLM50BGCFUN2-Sulman] Success
[INFO][0][confront][SurfaceNetSWRadiation/GEWEX.SRB][CLM50BGCFUN2-Sulman_grid] Success
[INFO][0][confront][SurfaceNetSWRadiation/WRMC.BSRN][CLM50BGCFUN2] Success
[INFO][0][confront][SurfaceNetSWRadiation/WRMC.BSRN][CLM50BGCFUN2-Soudzilovskaia] Success
[INFO][0][confront][SurfaceNetSWRadiation/WRMC.BSRN][CLM50BGCFUN2-Soudzi_grid] Success
[INFO][0][confront][SurfaceNetSWRadiation/WRMC.BSRN][CLM50BGCFUN2-Steidinger] Success
[INFO][0][confront][SurfaceNetSWRadiation/WRMC.BSRN][CLM50BGCFUN2-Stein_grid] Success
[INFO][0][confront][SurfaceNetSWRadiation/WRMC.BSRN][CLM50BGCFUN2-Sulman] Success
[INFO][0][confront][SurfaceNetSWRadiation/WRMC.BSRN][CLM50BGCFUN2-Sulman_grid] Success
[INFO][0][confront][SurfaceUpwardLWRadiation/CERES][CLM50BGCFUN2] Success
[INFO][0][confront][SurfaceUpwardLWRadiation/CERES][CLM50BGCFUN2-Soudzilovskaia] Success
[INFO][0][confront][SurfaceUpwardLWRadiation/CERES][CLM50BGCFUN2-Soudzi_grid] Success
[INFO][0][confront][SurfaceUpwardLWRadiation/CERES][CLM50BGCFUN2-Steidinger] Success
[INFO][0][confront][SurfaceUpwardLWRadiation/CERES][CLM50BGCFUN2-Stein_grid] Success
[INFO][0][confront][SurfaceUpwardLWRadiation/CERES][CLM50BGCFUN2-Sulman] Success
[INFO][0][confront][SurfaceUpwardLWRadiation/CERES][CLM50BGCFUN2-Sulman_grid] Success
[INFO][0][confront][SurfaceUpwardLWRadiation/GEWEX.SRB][CLM50BGCFUN2] Success
[INFO][0][confront][SurfaceUpwardLWRadiation/GEWEX.SRB][CLM50BGCFUN2-Soudzilovskaia] Success
[INFO][0][confront][SurfaceUpwardLWRadiation/GEWEX.SRB][CLM50BGCFUN2-Soudzi_grid] Success
[INFO][0][confront][SurfaceUpwardLWRadiation/GEWEX.SRB][CLM50BGCFUN2-Steidinger] Success
[INFO][0][confront][SurfaceUpwardLWRadiation/GEWEX.SRB][CLM50BGCFUN2-Stein_grid] Success
[INFO][0][confront][SurfaceUpwardLWRadiation/GEWEX.SRB][CLM50BGCFUN2-Sulman] Success
[INFO][0][confront][SurfaceUpwardLWRadiation/GEWEX.SRB][CLM50BGCFUN2-Sulman_grid] Success
[INFO][0][confront][SurfaceUpwardLWRadiation/WRMC.BSRN][CLM50BGCFUN2] Success
[INFO][0][confront][SurfaceUpwardLWRadiation/WRMC.BSRN][CLM50BGCFUN2-Soudzilovskaia] Success
[INFO][0][confront][SurfaceUpwardLWRadiation/WRMC.BSRN][CLM50BGCFUN2-Soudzi_grid] Success
[INFO][0][confront][SurfaceUpwardLWRadiation/WRMC.BSRN][CLM50BGCFUN2-Steidinger] Success
[INFO][0][confront][SurfaceUpwardLWRadiation/WRMC.BSRN][CLM50BGCFUN2-Stein_grid] Success
[INFO][0][confront][SurfaceUpwardLWRadiation/WRMC.BSRN][CLM50BGCFUN2-Sulman] Success
[INFO][0][confront][SurfaceUpwardLWRadiation/WRMC.BSRN][CLM50BGCFUN2-Sulman_grid] Success
[INFO][0][confront][SurfaceNetLWRadiation/CERES][CLM50BGCFUN2] Success
[INFO][0][confront][SurfaceNetLWRadiation/CERES][CLM50BGCFUN2-Soudzilovskaia] Success
[INFO][0][confront][SurfaceNetLWRadiation/CERES][CLM50BGCFUN2-Soudzi_grid] Success
[INFO][0][confront][SurfaceNetLWRadiation/CERES][CLM50BGCFUN2-Steidinger] Success
[INFO][0][confront][SurfaceNetLWRadiation/CERES][CLM50BGCFUN2-Stein_grid] Success
[INFO][0][confront][SurfaceNetLWRadiation/CERES][CLM50BGCFUN2-Sulman] Success
[INFO][0][confront][SurfaceNetLWRadiation/CERES][CLM50BGCFUN2-Sulman_grid] Success
[INFO][0][confront][SurfaceNetLWRadiation/GEWEX.SRB][CLM50BGCFUN2] Success
[INFO][0][confront][SurfaceNetLWRadiation/GEWEX.SRB][CLM50BGCFUN2-Soudzilovskaia] Success
[INFO][0][confront][SurfaceNetLWRadiation/GEWEX.SRB][CLM50BGCFUN2-Soudzi_grid] Success
[INFO][0][confront][SurfaceNetLWRadiation/GEWEX.SRB][CLM50BGCFUN2-Steidinger] Success
[INFO][0][confront][SurfaceNetLWRadiation/GEWEX.SRB][CLM50BGCFUN2-Stein_grid] Success
[INFO][0][confront][SurfaceNetLWRadiation/GEWEX.SRB][CLM50BGCFUN2-Sulman] Success
[INFO][0][confront][SurfaceNetLWRadiation/GEWEX.SRB][CLM50BGCFUN2-Sulman_grid] Success
[INFO][0][confront][SurfaceNetLWRadiation/WRMC.BSRN][CLM50BGCFUN2] Success
[INFO][0][confront][SurfaceNetLWRadiation/WRMC.BSRN][CLM50BGCFUN2-Soudzilovskaia] Success
[INFO][0][confront][SurfaceNetLWRadiation/WRMC.BSRN][CLM50BGCFUN2-Soudzi_grid] Success
[INFO][0][confront][SurfaceNetLWRadiation/WRMC.BSRN][CLM50BGCFUN2-Steidinger] Success
[INFO][0][confront][SurfaceNetLWRadiation/WRMC.BSRN][CLM50BGCFUN2-Stein_grid] Success
[INFO][0][confront][SurfaceNetLWRadiation/WRMC.BSRN][CLM50BGCFUN2-Sulman] Success
[INFO][0][confront][SurfaceNetLWRadiation/WRMC.BSRN][CLM50BGCFUN2-Sulman_grid] Success
[INFO][0][confront][SurfaceNetRadiation/CERES][CLM50BGCFUN2] Success
[INFO][0][confront][SurfaceNetRadiation/CERES][CLM50BGCFUN2-Soudzilovskaia] Success
[INFO][0][confront][SurfaceNetRadiation/CERES][CLM50BGCFUN2-Soudzi_grid] Success
[INFO][0][confront][SurfaceNetRadiation/CERES][CLM50BGCFUN2-Steidinger] Success
[INFO][0][confront][SurfaceNetRadiation/CERES][CLM50BGCFUN2-Stein_grid] Success
[INFO][0][confront][SurfaceNetRadiation/CERES][CLM50BGCFUN2-Sulman] Success
[INFO][0][confront][SurfaceNetRadiation/CERES][CLM50BGCFUN2-Sulman_grid] Success
[INFO][0][confront][SurfaceNetRadiation/Fluxnet][CLM50BGCFUN2] Success
[INFO][0][confront][SurfaceNetRadiation/Fluxnet][CLM50BGCFUN2-Soudzilovskaia] Success
[INFO][0][confront][SurfaceNetRadiation/Fluxnet][CLM50BGCFUN2-Soudzi_grid] Success
[INFO][0][confront][SurfaceNetRadiation/Fluxnet][CLM50BGCFUN2-Steidinger] Success
[INFO][0][confront][SurfaceNetRadiation/Fluxnet][CLM50BGCFUN2-Stein_grid] Success
[INFO][0][confront][SurfaceNetRadiation/Fluxnet][CLM50BGCFUN2-Sulman] Success
[INFO][0][confront][SurfaceNetRadiation/Fluxnet][CLM50BGCFUN2-Sulman_grid] Success
[INFO][0][confront][SurfaceNetRadiation/GEWEX.SRB][CLM50BGCFUN2] Success
[INFO][0][confront][SurfaceNetRadiation/GEWEX.SRB][CLM50BGCFUN2-Soudzilovskaia] Success
[INFO][0][confront][SurfaceNetRadiation/GEWEX.SRB][CLM50BGCFUN2-Soudzi_grid] Success
[INFO][0][confront][SurfaceNetRadiation/GEWEX.SRB][CLM50BGCFUN2-Steidinger] Success
[INFO][0][confront][SurfaceNetRadiation/GEWEX.SRB][CLM50BGCFUN2-Stein_grid] Success
[INFO][0][confront][SurfaceNetRadiation/GEWEX.SRB][CLM50BGCFUN2-Sulman] Success
[INFO][0][confront][SurfaceNetRadiation/GEWEX.SRB][CLM50BGCFUN2-Sulman_grid] Success
[INFO][0][confront][SurfaceNetRadiation/WRMC.BSRN][CLM50BGCFUN2] Success
[INFO][0][confront][SurfaceNetRadiation/WRMC.BSRN][CLM50BGCFUN2-Soudzilovskaia] Success
[INFO][0][confront][SurfaceNetRadiation/WRMC.BSRN][CLM50BGCFUN2-Soudzi_grid] Success
[INFO][0][confront][SurfaceNetRadiation/WRMC.BSRN][CLM50BGCFUN2-Steidinger] Success
[INFO][0][confront][SurfaceNetRadiation/WRMC.BSRN][CLM50BGCFUN2-Stein_grid] Success
[INFO][0][confront][SurfaceNetRadiation/WRMC.BSRN][CLM50BGCFUN2-Sulman] Success
[INFO][0][confront][SurfaceNetRadiation/WRMC.BSRN][CLM50BGCFUN2-Sulman_grid] Success
[INFO][0][confront][SurfaceAirTemperature/CRU][CLM50BGCFUN2] Success
[INFO][0][confront][SurfaceAirTemperature/CRU][CLM50BGCFUN2-Soudzilovskaia] Success
[INFO][0][confront][SurfaceAirTemperature/CRU][CLM50BGCFUN2-Soudzi_grid] Success
[INFO][0][confront][SurfaceAirTemperature/CRU][CLM50BGCFUN2-Steidinger] Success
[INFO][0][confront][SurfaceAirTemperature/CRU][CLM50BGCFUN2-Stein_grid] Success
[INFO][0][confront][SurfaceAirTemperature/CRU][CLM50BGCFUN2-Sulman] Success
[INFO][0][confront][SurfaceAirTemperature/CRU][CLM50BGCFUN2-Sulman_grid] Success
[INFO][0][confront][SurfaceAirTemperature/Fluxnet][CLM50BGCFUN2] Success
[INFO][0][confront][SurfaceAirTemperature/Fluxnet][CLM50BGCFUN2-Soudzilovskaia] Success
[INFO][0][confront][SurfaceAirTemperature/Fluxnet][CLM50BGCFUN2-Soudzi_grid] Success
[INFO][0][confront][SurfaceAirTemperature/Fluxnet][CLM50BGCFUN2-Steidinger] Success
[INFO][0][confront][SurfaceAirTemperature/Fluxnet][CLM50BGCFUN2-Stein_grid] Success
[INFO][0][confront][SurfaceAirTemperature/Fluxnet][CLM50BGCFUN2-Sulman] Success
[INFO][0][confront][SurfaceAirTemperature/Fluxnet][CLM50BGCFUN2-Sulman_grid] Success
[INFO][0][confront][Precipitation/CMAP][CLM50BGCFUN2] Success
[INFO][0][confront][Precipitation/CMAP][CLM50BGCFUN2-Soudzilovskaia] Success
[INFO][0][confront][Precipitation/CMAP][CLM50BGCFUN2-Soudzi_grid] Success
[INFO][0][confront][Precipitation/CMAP][CLM50BGCFUN2-Steidinger] Success
[INFO][0][confront][Precipitation/CMAP][CLM50BGCFUN2-Stein_grid] Success
[INFO][0][confront][Precipitation/CMAP][CLM50BGCFUN2-Sulman] Success
[INFO][0][confront][Precipitation/CMAP][CLM50BGCFUN2-Sulman_grid] Success
[INFO][0][confront][Precipitation/Fluxnet][CLM50BGCFUN2] Success
[INFO][0][confront][Precipitation/Fluxnet][CLM50BGCFUN2-Soudzilovskaia] Success
[INFO][0][confront][Precipitation/Fluxnet][CLM50BGCFUN2-Soudzi_grid] Success
[INFO][0][confront][Precipitation/Fluxnet][CLM50BGCFUN2-Steidinger] Success
[INFO][0][confront][Precipitation/Fluxnet][CLM50BGCFUN2-Stein_grid] Success
[INFO][0][confront][Precipitation/Fluxnet][CLM50BGCFUN2-Sulman] Success
[INFO][0][confront][Precipitation/Fluxnet][CLM50BGCFUN2-Sulman_grid] Success
[INFO][0][confront][Precipitation/GPCC][CLM50BGCFUN2] Success
[INFO][0][confront][Precipitation/GPCC][CLM50BGCFUN2-Soudzilovskaia] Success
[INFO][0][confront][Precipitation/GPCC][CLM50BGCFUN2-Soudzi_grid] Success
[INFO][0][confront][Precipitation/GPCC][CLM50BGCFUN2-Steidinger] Success
[INFO][0][confront][Precipitation/GPCC][CLM50BGCFUN2-Stein_grid] Success
[INFO][0][confront][Precipitation/GPCC][CLM50BGCFUN2-Sulman] Success
[INFO][0][confront][Precipitation/GPCC][CLM50BGCFUN2-Sulman_grid] Success
[INFO][0][confront][Precipitation/GPCP2][CLM50BGCFUN2] Success
[INFO][0][confront][Precipitation/GPCP2][CLM50BGCFUN2-Soudzilovskaia] Success
[INFO][0][confront][Precipitation/GPCP2][CLM50BGCFUN2-Soudzi_grid] Success
[INFO][0][confront][Precipitation/GPCP2][CLM50BGCFUN2-Steidinger] Success
[INFO][0][confront][Precipitation/GPCP2][CLM50BGCFUN2-Stein_grid] Success
[INFO][0][confront][Precipitation/GPCP2][CLM50BGCFUN2-Sulman] Success
[INFO][0][confront][Precipitation/GPCP2][CLM50BGCFUN2-Sulman_grid] Success
[INFO][0][confront][SurfaceRelativeHumidity/ERA][CLM50BGCFUN2] Success
[INFO][0][confront][SurfaceRelativeHumidity/ERA][CLM50BGCFUN2-Soudzilovskaia] Success
[INFO][0][confront][SurfaceRelativeHumidity/ERA][CLM50BGCFUN2-Soudzi_grid] Success
[INFO][0][confront][SurfaceRelativeHumidity/ERA][CLM50BGCFUN2-Steidinger] Success
[INFO][0][confront][SurfaceRelativeHumidity/ERA][CLM50BGCFUN2-Stein_grid] Success
[INFO][0][confront][SurfaceRelativeHumidity/ERA][CLM50BGCFUN2-Sulman] Success
[INFO][0][confront][SurfaceRelativeHumidity/ERA][CLM50BGCFUN2-Sulman_grid] Success
[INFO][0][confront][SurfaceDownwardSWRadiation/CERES][CLM50BGCFUN2] Success
[INFO][0][confront][SurfaceDownwardSWRadiation/CERES][CLM50BGCFUN2-Soudzilovskaia] Success
[INFO][0][confront][SurfaceDownwardSWRadiation/CERES][CLM50BGCFUN2-Soudzi_grid] Success
[INFO][0][confront][SurfaceDownwardSWRadiation/CERES][CLM50BGCFUN2-Steidinger] Success
[INFO][0][confront][SurfaceDownwardSWRadiation/CERES][CLM50BGCFUN2-Stein_grid] Success
[INFO][0][confront][SurfaceDownwardSWRadiation/CERES][CLM50BGCFUN2-Sulman] Success
[INFO][0][confront][SurfaceDownwardSWRadiation/CERES][CLM50BGCFUN2-Sulman_grid] Success
[INFO][0][confront][SurfaceDownwardSWRadiation/Fluxnet][CLM50BGCFUN2] Success
[INFO][0][confront][SurfaceDownwardSWRadiation/Fluxnet][CLM50BGCFUN2-Soudzilovskaia] Success
[INFO][0][confront][SurfaceDownwardSWRadiation/Fluxnet][CLM50BGCFUN2-Soudzi_grid] Success
[INFO][0][confront][SurfaceDownwardSWRadiation/Fluxnet][CLM50BGCFUN2-Steidinger] Success
[INFO][0][confront][SurfaceDownwardSWRadiation/Fluxnet][CLM50BGCFUN2-Stein_grid] Success
[INFO][0][confront][SurfaceDownwardSWRadiation/Fluxnet][CLM50BGCFUN2-Sulman] Success
[INFO][0][confront][SurfaceDownwardSWRadiation/Fluxnet][CLM50BGCFUN2-Sulman_grid] Success
[INFO][0][confront][SurfaceDownwardSWRadiation/GEWEX.SRB][CLM50BGCFUN2] Success
[INFO][0][confront][SurfaceDownwardSWRadiation/GEWEX.SRB][CLM50BGCFUN2-Soudzilovskaia] Success
[INFO][0][confront][SurfaceDownwardSWRadiation/GEWEX.SRB][CLM50BGCFUN2-Soudzi_grid] Success
[INFO][0][confront][SurfaceDownwardSWRadiation/GEWEX.SRB][CLM50BGCFUN2-Steidinger] Success
[INFO][0][confront][SurfaceDownwardSWRadiation/GEWEX.SRB][CLM50BGCFUN2-Stein_grid] Success
[INFO][0][confront][SurfaceDownwardSWRadiation/GEWEX.SRB][CLM50BGCFUN2-Sulman] Success
[INFO][0][confront][SurfaceDownwardSWRadiation/GEWEX.SRB][CLM50BGCFUN2-Sulman_grid] Success
[INFO][0][confront][SurfaceDownwardSWRadiation/WRMC.BSRN][CLM50BGCFUN2] Success
[INFO][0][confront][SurfaceDownwardSWRadiation/WRMC.BSRN][CLM50BGCFUN2-Soudzilovskaia] Success
[INFO][0][confront][SurfaceDownwardSWRadiation/WRMC.BSRN][CLM50BGCFUN2-Soudzi_grid] Success
[INFO][0][confront][SurfaceDownwardSWRadiation/WRMC.BSRN][CLM50BGCFUN2-Steidinger] Success
[INFO][0][confront][SurfaceDownwardSWRadiation/WRMC.BSRN][CLM50BGCFUN2-Stein_grid] Success
[INFO][0][confront][SurfaceDownwardSWRadiation/WRMC.BSRN][CLM50BGCFUN2-Sulman] Success
[INFO][0][confront][SurfaceDownwardSWRadiation/WRMC.BSRN][CLM50BGCFUN2-Sulman_grid] Success
[INFO][0][confront][SurfaceDownwardLWRadiation/CERES][CLM50BGCFUN2] Success
[INFO][0][confront][SurfaceDownwardLWRadiation/CERES][CLM50BGCFUN2-Soudzilovskaia] Success
[INFO][0][confront][SurfaceDownwardLWRadiation/CERES][CLM50BGCFUN2-Soudzi_grid] Success
[INFO][0][confront][SurfaceDownwardLWRadiation/CERES][CLM50BGCFUN2-Steidinger] Success
[INFO][0][confront][SurfaceDownwardLWRadiation/CERES][CLM50BGCFUN2-Stein_grid] Success
[INFO][0][confront][SurfaceDownwardLWRadiation/CERES][CLM50BGCFUN2-Sulman] Success
[INFO][0][confront][SurfaceDownwardLWRadiation/CERES][CLM50BGCFUN2-Sulman_grid] Success
[INFO][0][confront][SurfaceDownwardLWRadiation/GEWEX.SRB][CLM50BGCFUN2] Success
[INFO][0][confront][SurfaceDownwardLWRadiation/GEWEX.SRB][CLM50BGCFUN2-Soudzilovskaia] Success
[INFO][0][confront][SurfaceDownwardLWRadiation/GEWEX.SRB][CLM50BGCFUN2-Soudzi_grid] Success
[INFO][0][confront][SurfaceDownwardLWRadiation/GEWEX.SRB][CLM50BGCFUN2-Steidinger] Success
[INFO][0][confront][SurfaceDownwardLWRadiation/GEWEX.SRB][CLM50BGCFUN2-Stein_grid] Success
[INFO][0][confront][SurfaceDownwardLWRadiation/GEWEX.SRB][CLM50BGCFUN2-Sulman] Success
[INFO][0][confront][SurfaceDownwardLWRadiation/GEWEX.SRB][CLM50BGCFUN2-Sulman_grid] Success
[INFO][0][confront][SurfaceDownwardLWRadiation/WRMC.BSRN][CLM50BGCFUN2] Success
[INFO][0][confront][SurfaceDownwardLWRadiation/WRMC.BSRN][CLM50BGCFUN2-Soudzilovskaia] Success
[INFO][0][confront][SurfaceDownwardLWRadiation/WRMC.BSRN][CLM50BGCFUN2-Soudzi_grid] Success
[INFO][0][confront][SurfaceDownwardLWRadiation/WRMC.BSRN][CLM50BGCFUN2-Steidinger] Success
[INFO][0][confront][SurfaceDownwardLWRadiation/WRMC.BSRN][CLM50BGCFUN2-Stein_grid] Success
[INFO][0][confront][SurfaceDownwardLWRadiation/WRMC.BSRN][CLM50BGCFUN2-Sulman] Success
[INFO][0][confront][SurfaceDownwardLWRadiation/WRMC.BSRN][CLM50BGCFUN2-Sulman_grid] Success
[INFO][0][modelPlots][Biomass/GlobalCarbon][CLM50BGCFUN2] Success
[INFO][0][modelPlots][Biomass/GlobalCarbon][CLM50BGCFUN2-Soudzilovskaia] Success
[INFO][0][modelPlots][Biomass/GlobalCarbon][CLM50BGCFUN2-Soudzi_grid] Success
[INFO][0][modelPlots][Biomass/GlobalCarbon][CLM50BGCFUN2-Steidinger] Success
[INFO][0][modelPlots][Biomass/GlobalCarbon][CLM50BGCFUN2-Stein_grid] Success
[INFO][0][modelPlots][Biomass/GlobalCarbon][CLM50BGCFUN2-Sulman] Success
[INFO][0][modelPlots][Biomass/GlobalCarbon][CLM50BGCFUN2-Sulman_grid] Success
[INFO][0][modelPlots][Biomass/NBCD2000][CLM50BGCFUN2] Success
[INFO][0][modelPlots][Biomass/NBCD2000][CLM50BGCFUN2-Soudzilovskaia] Success
[INFO][0][modelPlots][Biomass/NBCD2000][CLM50BGCFUN2-Soudzi_grid] Success
[INFO][0][modelPlots][Biomass/NBCD2000][CLM50BGCFUN2-Steidinger] Success
[INFO][0][modelPlots][Biomass/NBCD2000][CLM50BGCFUN2-Stein_grid] Success
[INFO][0][modelPlots][Biomass/NBCD2000][CLM50BGCFUN2-Sulman] Success
[INFO][0][modelPlots][Biomass/NBCD2000][CLM50BGCFUN2-Sulman_grid] Success
[INFO][0][modelPlots][Biomass/USForest][CLM50BGCFUN2] Success
[INFO][0][modelPlots][Biomass/USForest][CLM50BGCFUN2-Soudzilovskaia] Success
[INFO][0][modelPlots][Biomass/USForest][CLM50BGCFUN2-Soudzi_grid] Success
[INFO][0][modelPlots][Biomass/USForest][CLM50BGCFUN2-Steidinger] Success
[INFO][0][modelPlots][Biomass/USForest][CLM50BGCFUN2-Stein_grid] Success
[INFO][0][modelPlots][Biomass/USForest][CLM50BGCFUN2-Sulman] Success
[INFO][0][modelPlots][Biomass/USForest][CLM50BGCFUN2-Sulman_grid] Success
[INFO][0][modelPlots][BurnedArea/GFED3][CLM50BGCFUN2] Success
[INFO][0][modelPlots][BurnedArea/GFED3][CLM50BGCFUN2-Soudzilovskaia] Success
[INFO][0][modelPlots][BurnedArea/GFED3][CLM50BGCFUN2-Soudzi_grid] Success
[INFO][0][modelPlots][BurnedArea/GFED3][CLM50BGCFUN2-Steidinger] Success
[INFO][0][modelPlots][BurnedArea/GFED3][CLM50BGCFUN2-Stein_grid] Success
[INFO][0][modelPlots][BurnedArea/GFED3][CLM50BGCFUN2-Sulman] Success
[INFO][0][modelPlots][BurnedArea/GFED3][CLM50BGCFUN2-Sulman_grid] Success
[INFO][0][modelPlots][BurnedArea/GFED4][CLM50BGCFUN2] Success
[INFO][0][modelPlots][BurnedArea/GFED4][CLM50BGCFUN2-Soudzilovskaia] Success
[INFO][0][modelPlots][BurnedArea/GFED4][CLM50BGCFUN2-Soudzi_grid] Success
[INFO][0][modelPlots][BurnedArea/GFED4][CLM50BGCFUN2-Steidinger] Success
[INFO][0][modelPlots][BurnedArea/GFED4][CLM50BGCFUN2-Stein_grid] Success
[INFO][0][modelPlots][BurnedArea/GFED4][CLM50BGCFUN2-Sulman] Success
[INFO][0][modelPlots][BurnedArea/GFED4][CLM50BGCFUN2-Sulman_grid] Success
[INFO][0][modelPlots][BurnedArea/GFED4S][CLM50BGCFUN2] Success
[INFO][0][modelPlots][BurnedArea/GFED4S][CLM50BGCFUN2-Soudzilovskaia] Success
[INFO][0][modelPlots][BurnedArea/GFED4S][CLM50BGCFUN2-Soudzi_grid] Success
[INFO][0][modelPlots][BurnedArea/GFED4S][CLM50BGCFUN2-Steidinger] Success
[INFO][0][modelPlots][BurnedArea/GFED4S][CLM50BGCFUN2-Stein_grid] Success
[INFO][0][modelPlots][BurnedArea/GFED4S][CLM50BGCFUN2-Sulman] Success
[INFO][0][modelPlots][BurnedArea/GFED4S][CLM50BGCFUN2-Sulman_grid] Success
[INFO][0][modelPlots][GrossPrimaryProductivity/Fluxnet][CLM50BGCFUN2] Success
[INFO][0][modelPlots][GrossPrimaryProductivity/Fluxnet][CLM50BGCFUN2-Soudzilovskaia] Success
[INFO][0][modelPlots][GrossPrimaryProductivity/Fluxnet][CLM50BGCFUN2-Soudzi_grid] Success
[INFO][0][modelPlots][GrossPrimaryProductivity/Fluxnet][CLM50BGCFUN2-Steidinger] Success
[INFO][0][modelPlots][GrossPrimaryProductivity/Fluxnet][CLM50BGCFUN2-Stein_grid] Success
[INFO][0][modelPlots][GrossPrimaryProductivity/Fluxnet][CLM50BGCFUN2-Sulman] Success
[INFO][0][modelPlots][GrossPrimaryProductivity/Fluxnet][CLM50BGCFUN2-Sulman_grid] Success
[INFO][0][modelPlots][GrossPrimaryProductivity/GBAF][CLM50BGCFUN2] Success
[INFO][0][modelPlots][GrossPrimaryProductivity/GBAF][CLM50BGCFUN2-Soudzilovskaia] Success
[INFO][0][modelPlots][GrossPrimaryProductivity/GBAF][CLM50BGCFUN2-Soudzi_grid] Success
[INFO][0][modelPlots][GrossPrimaryProductivity/GBAF][CLM50BGCFUN2-Steidinger] Success
[INFO][0][modelPlots][GrossPrimaryProductivity/GBAF][CLM50BGCFUN2-Stein_grid] Success
[INFO][0][modelPlots][GrossPrimaryProductivity/GBAF][CLM50BGCFUN2-Sulman] Success
[INFO][0][modelPlots][GrossPrimaryProductivity/GBAF][CLM50BGCFUN2-Sulman_grid] Success
[INFO][0][modelPlots][LeafAreaIndex/AVHRR][CLM50BGCFUN2] Success
[INFO][0][modelPlots][LeafAreaIndex/AVHRR][CLM50BGCFUN2-Soudzilovskaia] Success
[INFO][0][modelPlots][LeafAreaIndex/AVHRR][CLM50BGCFUN2-Soudzi_grid] Success
[INFO][0][modelPlots][LeafAreaIndex/AVHRR][CLM50BGCFUN2-Steidinger] Success
[INFO][0][modelPlots][LeafAreaIndex/AVHRR][CLM50BGCFUN2-Stein_grid] Success
[INFO][0][modelPlots][LeafAreaIndex/AVHRR][CLM50BGCFUN2-Sulman] Success
[INFO][0][modelPlots][LeafAreaIndex/AVHRR][CLM50BGCFUN2-Sulman_grid] Success
[INFO][0][modelPlots][LeafAreaIndex/MODIS][CLM50BGCFUN2] Success
[INFO][0][modelPlots][LeafAreaIndex/MODIS][CLM50BGCFUN2-Soudzilovskaia] Success
[INFO][0][modelPlots][LeafAreaIndex/MODIS][CLM50BGCFUN2-Soudzi_grid] Success
[INFO][0][modelPlots][LeafAreaIndex/MODIS][CLM50BGCFUN2-Steidinger] Success
[INFO][0][modelPlots][LeafAreaIndex/MODIS][CLM50BGCFUN2-Stein_grid] Success
[INFO][0][modelPlots][LeafAreaIndex/MODIS][CLM50BGCFUN2-Sulman] Success
[INFO][0][modelPlots][LeafAreaIndex/MODIS][CLM50BGCFUN2-Sulman_grid] Success
[INFO][0][modelPlots][GlobalNetEcosystemCarbonBalance/GCP][CLM50BGCFUN2] Success
[INFO][0][modelPlots][GlobalNetEcosystemCarbonBalance/GCP][CLM50BGCFUN2-Soudzilovskaia] Success
[INFO][0][modelPlots][GlobalNetEcosystemCarbonBalance/GCP][CLM50BGCFUN2-Soudzi_grid] Success
[INFO][0][modelPlots][GlobalNetEcosystemCarbonBalance/GCP][CLM50BGCFUN2-Steidinger] Success
[INFO][0][modelPlots][GlobalNetEcosystemCarbonBalance/GCP][CLM50BGCFUN2-Stein_grid] Success
[INFO][0][modelPlots][GlobalNetEcosystemCarbonBalance/GCP][CLM50BGCFUN2-Sulman] Success
[INFO][0][modelPlots][GlobalNetEcosystemCarbonBalance/GCP][CLM50BGCFUN2-Sulman_grid] Success
[INFO][0][modelPlots][GlobalNetEcosystemCarbonBalance/Hoffman][CLM50BGCFUN2] Success
[INFO][0][modelPlots][GlobalNetEcosystemCarbonBalance/Hoffman][CLM50BGCFUN2-Soudzilovskaia] Success
[INFO][0][modelPlots][GlobalNetEcosystemCarbonBalance/Hoffman][CLM50BGCFUN2-Soudzi_grid] Success
[INFO][0][modelPlots][GlobalNetEcosystemCarbonBalance/Hoffman][CLM50BGCFUN2-Steidinger] Success
[INFO][0][modelPlots][GlobalNetEcosystemCarbonBalance/Hoffman][CLM50BGCFUN2-Stein_grid] Success
[INFO][0][modelPlots][GlobalNetEcosystemCarbonBalance/Hoffman][CLM50BGCFUN2-Sulman] Success
[INFO][0][modelPlots][GlobalNetEcosystemCarbonBalance/Hoffman][CLM50BGCFUN2-Sulman_grid] Success
[INFO][0][modelPlots][NetEcosystemExchange/Fluxnet][CLM50BGCFUN2] Success
[INFO][0][modelPlots][NetEcosystemExchange/Fluxnet][CLM50BGCFUN2-Soudzilovskaia] Success
[INFO][0][modelPlots][NetEcosystemExchange/Fluxnet][CLM50BGCFUN2-Soudzi_grid] Success
[INFO][0][modelPlots][NetEcosystemExchange/Fluxnet][CLM50BGCFUN2-Steidinger] Success
[INFO][0][modelPlots][NetEcosystemExchange/Fluxnet][CLM50BGCFUN2-Stein_grid] Success
[INFO][0][modelPlots][NetEcosystemExchange/Fluxnet][CLM50BGCFUN2-Sulman] Success
[INFO][0][modelPlots][NetEcosystemExchange/Fluxnet][CLM50BGCFUN2-Sulman_grid] Success
[INFO][0][modelPlots][NetEcosystemExchange/GBAF][CLM50BGCFUN2] Success
[INFO][0][modelPlots][NetEcosystemExchange/GBAF][CLM50BGCFUN2-Soudzilovskaia] Success
[INFO][0][modelPlots][NetEcosystemExchange/GBAF][CLM50BGCFUN2-Soudzi_grid] Success
[INFO][0][modelPlots][NetEcosystemExchange/GBAF][CLM50BGCFUN2-Steidinger] Success
[INFO][0][modelPlots][NetEcosystemExchange/GBAF][CLM50BGCFUN2-Stein_grid] Success
[INFO][0][modelPlots][NetEcosystemExchange/GBAF][CLM50BGCFUN2-Sulman] Success
[INFO][0][modelPlots][NetEcosystemExchange/GBAF][CLM50BGCFUN2-Sulman_grid] Success
[INFO][0][modelPlots][EcosystemRespiration/Fluxnet][CLM50BGCFUN2] Success
[INFO][0][modelPlots][EcosystemRespiration/Fluxnet][CLM50BGCFUN2-Soudzilovskaia] Success
[INFO][0][modelPlots][EcosystemRespiration/Fluxnet][CLM50BGCFUN2-Soudzi_grid] Success
[INFO][0][modelPlots][EcosystemRespiration/Fluxnet][CLM50BGCFUN2-Steidinger] Success
[INFO][0][modelPlots][EcosystemRespiration/Fluxnet][CLM50BGCFUN2-Stein_grid] Success
[INFO][0][modelPlots][EcosystemRespiration/Fluxnet][CLM50BGCFUN2-Sulman] Success
[INFO][0][modelPlots][EcosystemRespiration/Fluxnet][CLM50BGCFUN2-Sulman_grid] Success
[INFO][0][modelPlots][EcosystemRespiration/GBAF][CLM50BGCFUN2] Success
[INFO][0][modelPlots][EcosystemRespiration/GBAF][CLM50BGCFUN2-Soudzilovskaia] Success
[INFO][0][modelPlots][EcosystemRespiration/GBAF][CLM50BGCFUN2-Soudzi_grid] Success
[INFO][0][modelPlots][EcosystemRespiration/GBAF][CLM50BGCFUN2-Steidinger] Success
[INFO][0][modelPlots][EcosystemRespiration/GBAF][CLM50BGCFUN2-Stein_grid] Success
[INFO][0][modelPlots][EcosystemRespiration/GBAF][CLM50BGCFUN2-Sulman] Success
[INFO][0][modelPlots][EcosystemRespiration/GBAF][CLM50BGCFUN2-Sulman_grid] Success
[INFO][0][modelPlots][SoilCarbon/HWSD][CLM50BGCFUN2] Success
[INFO][0][modelPlots][SoilCarbon/HWSD][CLM50BGCFUN2-Soudzilovskaia] Success
[INFO][0][modelPlots][SoilCarbon/HWSD][CLM50BGCFUN2-Soudzi_grid] Success
[INFO][0][modelPlots][SoilCarbon/HWSD][CLM50BGCFUN2-Steidinger] Success
[INFO][0][modelPlots][SoilCarbon/HWSD][CLM50BGCFUN2-Stein_grid] Success
[INFO][0][modelPlots][SoilCarbon/HWSD][CLM50BGCFUN2-Sulman] Success
[INFO][0][modelPlots][SoilCarbon/HWSD][CLM50BGCFUN2-Sulman_grid] Success
[INFO][0][modelPlots][SoilCarbon/NCSCDV22][CLM50BGCFUN2] Success
[INFO][0][modelPlots][SoilCarbon/NCSCDV22][CLM50BGCFUN2-Soudzilovskaia] Success
[INFO][0][modelPlots][SoilCarbon/NCSCDV22][CLM50BGCFUN2-Soudzi_grid] Success
[INFO][0][modelPlots][SoilCarbon/NCSCDV22][CLM50BGCFUN2-Steidinger] Success
[INFO][0][modelPlots][SoilCarbon/NCSCDV22][CLM50BGCFUN2-Stein_grid] Success
[INFO][0][modelPlots][SoilCarbon/NCSCDV22][CLM50BGCFUN2-Sulman] Success
[INFO][0][modelPlots][SoilCarbon/NCSCDV22][CLM50BGCFUN2-Sulman_grid] Success
[INFO][0][modelPlots][Evapotranspiration/GLEAM][CLM50BGCFUN2] Success
[INFO][0][modelPlots][Evapotranspiration/GLEAM][CLM50BGCFUN2-Soudzilovskaia] Success
[INFO][0][modelPlots][Evapotranspiration/GLEAM][CLM50BGCFUN2-Soudzi_grid] Success
[INFO][0][modelPlots][Evapotranspiration/GLEAM][CLM50BGCFUN2-Steidinger] Success
[INFO][0][modelPlots][Evapotranspiration/GLEAM][CLM50BGCFUN2-Stein_grid] Success
[INFO][0][modelPlots][Evapotranspiration/GLEAM][CLM50BGCFUN2-Sulman] Success
[INFO][0][modelPlots][Evapotranspiration/GLEAM][CLM50BGCFUN2-Sulman_grid] Success
[INFO][0][modelPlots][Evapotranspiration/MODIS][CLM50BGCFUN2] Success
[INFO][0][modelPlots][Evapotranspiration/MODIS][CLM50BGCFUN2-Soudzilovskaia] Success
[INFO][0][modelPlots][Evapotranspiration/MODIS][CLM50BGCFUN2-Soudzi_grid] Success
[INFO][0][modelPlots][Evapotranspiration/MODIS][CLM50BGCFUN2-Steidinger] Success
[INFO][0][modelPlots][Evapotranspiration/MODIS][CLM50BGCFUN2-Stein_grid] Success
[INFO][0][modelPlots][Evapotranspiration/MODIS][CLM50BGCFUN2-Sulman] Success
[INFO][0][modelPlots][Evapotranspiration/MODIS][CLM50BGCFUN2-Sulman_grid] Success
[INFO][0][modelPlots][EvaporativeFraction/GBAF][CLM50BGCFUN2] Success
[INFO][0][modelPlots][EvaporativeFraction/GBAF][CLM50BGCFUN2-Soudzilovskaia] Success
[INFO][0][modelPlots][EvaporativeFraction/GBAF][CLM50BGCFUN2-Soudzi_grid] Success
[INFO][0][modelPlots][EvaporativeFraction/GBAF][CLM50BGCFUN2-Steidinger] Success
[INFO][0][modelPlots][EvaporativeFraction/GBAF][CLM50BGCFUN2-Stein_grid] Success
[INFO][0][modelPlots][EvaporativeFraction/GBAF][CLM50BGCFUN2-Sulman] Success
[INFO][0][modelPlots][EvaporativeFraction/GBAF][CLM50BGCFUN2-Sulman_grid] Success
[INFO][0][modelPlots][LatentHeat/Fluxnet][CLM50BGCFUN2] Success
[INFO][0][modelPlots][LatentHeat/Fluxnet][CLM50BGCFUN2-Soudzilovskaia] Success
[INFO][0][modelPlots][LatentHeat/Fluxnet][CLM50BGCFUN2-Soudzi_grid] Success
[INFO][0][modelPlots][LatentHeat/Fluxnet][CLM50BGCFUN2-Steidinger] Success
[INFO][0][modelPlots][LatentHeat/Fluxnet][CLM50BGCFUN2-Stein_grid] Success
[INFO][0][modelPlots][LatentHeat/Fluxnet][CLM50BGCFUN2-Sulman] Success
[INFO][0][modelPlots][LatentHeat/Fluxnet][CLM50BGCFUN2-Sulman_grid] Success
[INFO][0][modelPlots][LatentHeat/GBAF][CLM50BGCFUN2] Success
[INFO][0][modelPlots][LatentHeat/GBAF][CLM50BGCFUN2-Soudzilovskaia] Success
[INFO][0][modelPlots][LatentHeat/GBAF][CLM50BGCFUN2-Soudzi_grid] Success
[INFO][0][modelPlots][LatentHeat/GBAF][CLM50BGCFUN2-Steidinger] Success
[INFO][0][modelPlots][LatentHeat/GBAF][CLM50BGCFUN2-Stein_grid] Success
[INFO][0][modelPlots][LatentHeat/GBAF][CLM50BGCFUN2-Sulman] Success
[INFO][0][modelPlots][LatentHeat/GBAF][CLM50BGCFUN2-Sulman_grid] Success
[INFO][0][modelPlots][Runoff/Dai][CLM50BGCFUN2] Success
[INFO][0][modelPlots][Runoff/Dai][CLM50BGCFUN2-Soudzilovskaia] Success
[INFO][0][modelPlots][Runoff/Dai][CLM50BGCFUN2-Soudzi_grid] Success
[INFO][0][modelPlots][Runoff/Dai][CLM50BGCFUN2-Steidinger] Success
[INFO][0][modelPlots][Runoff/Dai][CLM50BGCFUN2-Stein_grid] Success
[INFO][0][modelPlots][Runoff/Dai][CLM50BGCFUN2-Sulman] Success
[INFO][0][modelPlots][Runoff/Dai][CLM50BGCFUN2-Sulman_grid] Success
[INFO][0][modelPlots][SensibleHeat/Fluxnet][CLM50BGCFUN2] Success
[INFO][0][modelPlots][SensibleHeat/Fluxnet][CLM50BGCFUN2-Soudzilovskaia] Success
[INFO][0][modelPlots][SensibleHeat/Fluxnet][CLM50BGCFUN2-Soudzi_grid] Success
[INFO][0][modelPlots][SensibleHeat/Fluxnet][CLM50BGCFUN2-Steidinger] Success
[INFO][0][modelPlots][SensibleHeat/Fluxnet][CLM50BGCFUN2-Stein_grid] Success
[INFO][0][modelPlots][SensibleHeat/Fluxnet][CLM50BGCFUN2-Sulman] Success
[INFO][0][modelPlots][SensibleHeat/Fluxnet][CLM50BGCFUN2-Sulman_grid] Success
[INFO][0][modelPlots][SensibleHeat/GBAF][CLM50BGCFUN2] Success
[INFO][0][modelPlots][SensibleHeat/GBAF][CLM50BGCFUN2-Soudzilovskaia] Success
[INFO][0][modelPlots][SensibleHeat/GBAF][CLM50BGCFUN2-Soudzi_grid] Success
[INFO][0][modelPlots][SensibleHeat/GBAF][CLM50BGCFUN2-Steidinger] Success
[INFO][0][modelPlots][SensibleHeat/GBAF][CLM50BGCFUN2-Stein_grid] Success
[INFO][0][modelPlots][SensibleHeat/GBAF][CLM50BGCFUN2-Sulman] Success
[INFO][0][modelPlots][SensibleHeat/GBAF][CLM50BGCFUN2-Sulman_grid] Success
[INFO][0][modelPlots][TerrestrialWaterStorageAnomaly/GRACE][CLM50BGCFUN2] Success
[INFO][0][modelPlots][TerrestrialWaterStorageAnomaly/GRACE][CLM50BGCFUN2-Soudzilovskaia] Success
[INFO][0][modelPlots][TerrestrialWaterStorageAnomaly/GRACE][CLM50BGCFUN2-Soudzi_grid] Success
[INFO][0][modelPlots][TerrestrialWaterStorageAnomaly/GRACE][CLM50BGCFUN2-Steidinger] Success
[INFO][0][modelPlots][TerrestrialWaterStorageAnomaly/GRACE][CLM50BGCFUN2-Stein_grid] Success
[INFO][0][modelPlots][TerrestrialWaterStorageAnomaly/GRACE][CLM50BGCFUN2-Sulman] Success
[INFO][0][modelPlots][TerrestrialWaterStorageAnomaly/GRACE][CLM50BGCFUN2-Sulman_grid] Success
[INFO][0][modelPlots][Albedo/CERES][CLM50BGCFUN2] Success
[INFO][0][modelPlots][Albedo/CERES][CLM50BGCFUN2-Soudzilovskaia] Success
[INFO][0][modelPlots][Albedo/CERES][CLM50BGCFUN2-Soudzi_grid] Success
[INFO][0][modelPlots][Albedo/CERES][CLM50BGCFUN2-Steidinger] Success
[INFO][0][modelPlots][Albedo/CERES][CLM50BGCFUN2-Stein_grid] Success
[INFO][0][modelPlots][Albedo/CERES][CLM50BGCFUN2-Sulman] Success
[INFO][0][modelPlots][Albedo/CERES][CLM50BGCFUN2-Sulman_grid] Success
[INFO][0][modelPlots][Albedo/GEWEX.SRB][CLM50BGCFUN2] Success
[INFO][0][modelPlots][Albedo/GEWEX.SRB][CLM50BGCFUN2-Soudzilovskaia] Success
[INFO][0][modelPlots][Albedo/GEWEX.SRB][CLM50BGCFUN2-Soudzi_grid] Success
[INFO][0][modelPlots][Albedo/GEWEX.SRB][CLM50BGCFUN2-Steidinger] Success
[INFO][0][modelPlots][Albedo/GEWEX.SRB][CLM50BGCFUN2-Stein_grid] Success
[INFO][0][modelPlots][Albedo/GEWEX.SRB][CLM50BGCFUN2-Sulman] Success
[INFO][0][modelPlots][Albedo/GEWEX.SRB][CLM50BGCFUN2-Sulman_grid] Success
[INFO][0][modelPlots][Albedo/MODIS][CLM50BGCFUN2] Success
[INFO][0][modelPlots][Albedo/MODIS][CLM50BGCFUN2-Soudzilovskaia] Success
[INFO][0][modelPlots][Albedo/MODIS][CLM50BGCFUN2-Soudzi_grid] Success
[INFO][0][modelPlots][Albedo/MODIS][CLM50BGCFUN2-Steidinger] Success
[INFO][0][modelPlots][Albedo/MODIS][CLM50BGCFUN2-Stein_grid] Success
[INFO][0][modelPlots][Albedo/MODIS][CLM50BGCFUN2-Sulman] Success
[INFO][0][modelPlots][Albedo/MODIS][CLM50BGCFUN2-Sulman_grid] Success
[INFO][0][modelPlots][SurfaceUpwardSWRadiation/CERES][CLM50BGCFUN2] Success
[INFO][0][modelPlots][SurfaceUpwardSWRadiation/CERES][CLM50BGCFUN2-Soudzilovskaia] Success
[INFO][0][modelPlots][SurfaceUpwardSWRadiation/CERES][CLM50BGCFUN2-Soudzi_grid] Success
[INFO][0][modelPlots][SurfaceUpwardSWRadiation/CERES][CLM50BGCFUN2-Steidinger] Success
[INFO][0][modelPlots][SurfaceUpwardSWRadiation/CERES][CLM50BGCFUN2-Stein_grid] Success
[INFO][0][modelPlots][SurfaceUpwardSWRadiation/CERES][CLM50BGCFUN2-Sulman] Success
[INFO][0][modelPlots][SurfaceUpwardSWRadiation/CERES][CLM50BGCFUN2-Sulman_grid] Success
[INFO][0][modelPlots][SurfaceUpwardSWRadiation/GEWEX.SRB][CLM50BGCFUN2] Success
[INFO][0][modelPlots][SurfaceUpwardSWRadiation/GEWEX.SRB][CLM50BGCFUN2-Soudzilovskaia] Success
[INFO][0][modelPlots][SurfaceUpwardSWRadiation/GEWEX.SRB][CLM50BGCFUN2-Soudzi_grid] Success
[INFO][0][modelPlots][SurfaceUpwardSWRadiation/GEWEX.SRB][CLM50BGCFUN2-Steidinger] Success
[INFO][0][modelPlots][SurfaceUpwardSWRadiation/GEWEX.SRB][CLM50BGCFUN2-Stein_grid] Success
[INFO][0][modelPlots][SurfaceUpwardSWRadiation/GEWEX.SRB][CLM50BGCFUN2-Sulman] Success
[INFO][0][modelPlots][SurfaceUpwardSWRadiation/GEWEX.SRB][CLM50BGCFUN2-Sulman_grid] Success
[INFO][0][modelPlots][SurfaceUpwardSWRadiation/WRMC.BSRN][CLM50BGCFUN2] Success
[INFO][0][modelPlots][SurfaceUpwardSWRadiation/WRMC.BSRN][CLM50BGCFUN2-Soudzilovskaia] Success
[INFO][0][modelPlots][SurfaceUpwardSWRadiation/WRMC.BSRN][CLM50BGCFUN2-Soudzi_grid] Success
[INFO][0][modelPlots][SurfaceUpwardSWRadiation/WRMC.BSRN][CLM50BGCFUN2-Steidinger] Success
[INFO][0][modelPlots][SurfaceUpwardSWRadiation/WRMC.BSRN][CLM50BGCFUN2-Stein_grid] Success
[INFO][0][modelPlots][SurfaceUpwardSWRadiation/WRMC.BSRN][CLM50BGCFUN2-Sulman] Success
[INFO][0][modelPlots][SurfaceUpwardSWRadiation/WRMC.BSRN][CLM50BGCFUN2-Sulman_grid] Success
[INFO][0][modelPlots][SurfaceNetSWRadiation/CERES][CLM50BGCFUN2] Success
[INFO][0][modelPlots][SurfaceNetSWRadiation/CERES][CLM50BGCFUN2-Soudzilovskaia] Success
[INFO][0][modelPlots][SurfaceNetSWRadiation/CERES][CLM50BGCFUN2-Soudzi_grid] Success
[INFO][0][modelPlots][SurfaceNetSWRadiation/CERES][CLM50BGCFUN2-Steidinger] Success
[INFO][0][modelPlots][SurfaceNetSWRadiation/CERES][CLM50BGCFUN2-Stein_grid] Success
[INFO][0][modelPlots][SurfaceNetSWRadiation/CERES][CLM50BGCFUN2-Sulman] Success
[INFO][0][modelPlots][SurfaceNetSWRadiation/CERES][CLM50BGCFUN2-Sulman_grid] Success
[INFO][0][modelPlots][SurfaceNetSWRadiation/GEWEX.SRB][CLM50BGCFUN2] Success
[INFO][0][modelPlots][SurfaceNetSWRadiation/GEWEX.SRB][CLM50BGCFUN2-Soudzilovskaia] Success
[INFO][0][modelPlots][SurfaceNetSWRadiation/GEWEX.SRB][CLM50BGCFUN2-Soudzi_grid] Success
[INFO][0][modelPlots][SurfaceNetSWRadiation/GEWEX.SRB][CLM50BGCFUN2-Steidinger] Success
[INFO][0][modelPlots][SurfaceNetSWRadiation/GEWEX.SRB][CLM50BGCFUN2-Stein_grid] Success
[INFO][0][modelPlots][SurfaceNetSWRadiation/GEWEX.SRB][CLM50BGCFUN2-Sulman] Success
[INFO][0][modelPlots][SurfaceNetSWRadiation/GEWEX.SRB][CLM50BGCFUN2-Sulman_grid] Success
[INFO][0][modelPlots][SurfaceNetSWRadiation/WRMC.BSRN][CLM50BGCFUN2] Success
[INFO][0][modelPlots][SurfaceNetSWRadiation/WRMC.BSRN][CLM50BGCFUN2-Soudzilovskaia] Success
[INFO][0][modelPlots][SurfaceNetSWRadiation/WRMC.BSRN][CLM50BGCFUN2-Soudzi_grid] Success
[INFO][0][modelPlots][SurfaceNetSWRadiation/WRMC.BSRN][CLM50BGCFUN2-Steidinger] Success
[INFO][0][modelPlots][SurfaceNetSWRadiation/WRMC.BSRN][CLM50BGCFUN2-Stein_grid] Success
[INFO][0][modelPlots][SurfaceNetSWRadiation/WRMC.BSRN][CLM50BGCFUN2-Sulman] Success
[INFO][0][modelPlots][SurfaceNetSWRadiation/WRMC.BSRN][CLM50BGCFUN2-Sulman_grid] Success
[INFO][0][modelPlots][SurfaceUpwardLWRadiation/CERES][CLM50BGCFUN2] Success
[INFO][0][modelPlots][SurfaceUpwardLWRadiation/CERES][CLM50BGCFUN2-Soudzilovskaia] Success
[INFO][0][modelPlots][SurfaceUpwardLWRadiation/CERES][CLM50BGCFUN2-Soudzi_grid] Success
[INFO][0][modelPlots][SurfaceUpwardLWRadiation/CERES][CLM50BGCFUN2-Steidinger] Success
[INFO][0][modelPlots][SurfaceUpwardLWRadiation/CERES][CLM50BGCFUN2-Stein_grid] Success
[INFO][0][modelPlots][SurfaceUpwardLWRadiation/CERES][CLM50BGCFUN2-Sulman] Success
[INFO][0][modelPlots][SurfaceUpwardLWRadiation/CERES][CLM50BGCFUN2-Sulman_grid] Success
[INFO][0][modelPlots][SurfaceUpwardLWRadiation/GEWEX.SRB][CLM50BGCFUN2] Success
[INFO][0][modelPlots][SurfaceUpwardLWRadiation/GEWEX.SRB][CLM50BGCFUN2-Soudzilovskaia] Success
[INFO][0][modelPlots][SurfaceUpwardLWRadiation/GEWEX.SRB][CLM50BGCFUN2-Soudzi_grid] Success
[INFO][0][modelPlots][SurfaceUpwardLWRadiation/GEWEX.SRB][CLM50BGCFUN2-Steidinger] Success
[INFO][0][modelPlots][SurfaceUpwardLWRadiation/GEWEX.SRB][CLM50BGCFUN2-Stein_grid] Success
[INFO][0][modelPlots][SurfaceUpwardLWRadiation/GEWEX.SRB][CLM50BGCFUN2-Sulman] Success
[INFO][0][modelPlots][SurfaceUpwardLWRadiation/GEWEX.SRB][CLM50BGCFUN2-Sulman_grid] Success
[INFO][0][modelPlots][SurfaceUpwardLWRadiation/WRMC.BSRN][CLM50BGCFUN2] Success
[INFO][0][modelPlots][SurfaceUpwardLWRadiation/WRMC.BSRN][CLM50BGCFUN2-Soudzilovskaia] Success
[INFO][0][modelPlots][SurfaceUpwardLWRadiation/WRMC.BSRN][CLM50BGCFUN2-Soudzi_grid] Success
[INFO][0][modelPlots][SurfaceUpwardLWRadiation/WRMC.BSRN][CLM50BGCFUN2-Steidinger] Success
[INFO][0][modelPlots][SurfaceUpwardLWRadiation/WRMC.BSRN][CLM50BGCFUN2-Stein_grid] Success
[INFO][0][modelPlots][SurfaceUpwardLWRadiation/WRMC.BSRN][CLM50BGCFUN2-Sulman] Success
[INFO][0][modelPlots][SurfaceUpwardLWRadiation/WRMC.BSRN][CLM50BGCFUN2-Sulman_grid] Success
[INFO][0][modelPlots][SurfaceNetLWRadiation/CERES][CLM50BGCFUN2] Success
[INFO][0][modelPlots][SurfaceNetLWRadiation/CERES][CLM50BGCFUN2-Soudzilovskaia] Success
[INFO][0][modelPlots][SurfaceNetLWRadiation/CERES][CLM50BGCFUN2-Soudzi_grid] Success
[INFO][0][modelPlots][SurfaceNetLWRadiation/CERES][CLM50BGCFUN2-Steidinger] Success
[INFO][0][modelPlots][SurfaceNetLWRadiation/CERES][CLM50BGCFUN2-Stein_grid] Success
[INFO][0][modelPlots][SurfaceNetLWRadiation/CERES][CLM50BGCFUN2-Sulman] Success
[INFO][0][modelPlots][SurfaceNetLWRadiation/CERES][CLM50BGCFUN2-Sulman_grid] Success
[INFO][0][modelPlots][SurfaceNetLWRadiation/GEWEX.SRB][CLM50BGCFUN2] Success
[INFO][0][modelPlots][SurfaceNetLWRadiation/GEWEX.SRB][CLM50BGCFUN2-Soudzilovskaia] Success
[INFO][0][modelPlots][SurfaceNetLWRadiation/GEWEX.SRB][CLM50BGCFUN2-Soudzi_grid] Success
[INFO][0][modelPlots][SurfaceNetLWRadiation/GEWEX.SRB][CLM50BGCFUN2-Steidinger] Success
[INFO][0][modelPlots][SurfaceNetLWRadiation/GEWEX.SRB][CLM50BGCFUN2-Stein_grid] Success
[INFO][0][modelPlots][SurfaceNetLWRadiation/GEWEX.SRB][CLM50BGCFUN2-Sulman] Success
[INFO][0][modelPlots][SurfaceNetLWRadiation/GEWEX.SRB][CLM50BGCFUN2-Sulman_grid] Success
[INFO][0][modelPlots][SurfaceNetLWRadiation/WRMC.BSRN][CLM50BGCFUN2] Success
[INFO][0][modelPlots][SurfaceNetLWRadiation/WRMC.BSRN][CLM50BGCFUN2-Soudzilovskaia] Success
[INFO][0][modelPlots][SurfaceNetLWRadiation/WRMC.BSRN][CLM50BGCFUN2-Soudzi_grid] Success
[INFO][0][modelPlots][SurfaceNetLWRadiation/WRMC.BSRN][CLM50BGCFUN2-Steidinger] Success
[INFO][0][modelPlots][SurfaceNetLWRadiation/WRMC.BSRN][CLM50BGCFUN2-Stein_grid] Success
[INFO][0][modelPlots][SurfaceNetLWRadiation/WRMC.BSRN][CLM50BGCFUN2-Sulman] Success
[INFO][0][modelPlots][SurfaceNetLWRadiation/WRMC.BSRN][CLM50BGCFUN2-Sulman_grid] Success
[INFO][0][modelPlots][SurfaceNetRadiation/CERES][CLM50BGCFUN2] Success
[INFO][0][modelPlots][SurfaceNetRadiation/CERES][CLM50BGCFUN2-Soudzilovskaia] Success
[INFO][0][modelPlots][SurfaceNetRadiation/CERES][CLM50BGCFUN2-Soudzi_grid] Success
[INFO][0][modelPlots][SurfaceNetRadiation/CERES][CLM50BGCFUN2-Steidinger] Success
[INFO][0][modelPlots][SurfaceNetRadiation/CERES][CLM50BGCFUN2-Stein_grid] Success
[INFO][0][modelPlots][SurfaceNetRadiation/CERES][CLM50BGCFUN2-Sulman] Success
[INFO][0][modelPlots][SurfaceNetRadiation/CERES][CLM50BGCFUN2-Sulman_grid] Success
[INFO][0][modelPlots][SurfaceNetRadiation/Fluxnet][CLM50BGCFUN2] Success
[INFO][0][modelPlots][SurfaceNetRadiation/Fluxnet][CLM50BGCFUN2-Soudzilovskaia] Success
[INFO][0][modelPlots][SurfaceNetRadiation/Fluxnet][CLM50BGCFUN2-Soudzi_grid] Success
[INFO][0][modelPlots][SurfaceNetRadiation/Fluxnet][CLM50BGCFUN2-Steidinger] Success
[INFO][0][modelPlots][SurfaceNetRadiation/Fluxnet][CLM50BGCFUN2-Stein_grid] Success
[INFO][0][modelPlots][SurfaceNetRadiation/Fluxnet][CLM50BGCFUN2-Sulman] Success
[INFO][0][modelPlots][SurfaceNetRadiation/Fluxnet][CLM50BGCFUN2-Sulman_grid] Success
[INFO][0][modelPlots][SurfaceNetRadiation/GEWEX.SRB][CLM50BGCFUN2] Success
[INFO][0][modelPlots][SurfaceNetRadiation/GEWEX.SRB][CLM50BGCFUN2-Soudzilovskaia] Success
[INFO][0][modelPlots][SurfaceNetRadiation/GEWEX.SRB][CLM50BGCFUN2-Soudzi_grid] Success
[INFO][0][modelPlots][SurfaceNetRadiation/GEWEX.SRB][CLM50BGCFUN2-Steidinger] Success
[INFO][0][modelPlots][SurfaceNetRadiation/GEWEX.SRB][CLM50BGCFUN2-Stein_grid] Success
[INFO][0][modelPlots][SurfaceNetRadiation/GEWEX.SRB][CLM50BGCFUN2-Sulman] Success
[INFO][0][modelPlots][SurfaceNetRadiation/GEWEX.SRB][CLM50BGCFUN2-Sulman_grid] Success
[INFO][0][modelPlots][SurfaceNetRadiation/WRMC.BSRN][CLM50BGCFUN2] Success
[INFO][0][modelPlots][SurfaceNetRadiation/WRMC.BSRN][CLM50BGCFUN2-Soudzilovskaia] Success
[INFO][0][modelPlots][SurfaceNetRadiation/WRMC.BSRN][CLM50BGCFUN2-Soudzi_grid] Success
[INFO][0][modelPlots][SurfaceNetRadiation/WRMC.BSRN][CLM50BGCFUN2-Steidinger] Success
[INFO][0][modelPlots][SurfaceNetRadiation/WRMC.BSRN][CLM50BGCFUN2-Stein_grid] Success
[INFO][0][modelPlots][SurfaceNetRadiation/WRMC.BSRN][CLM50BGCFUN2-Sulman] Success
[INFO][0][modelPlots][SurfaceNetRadiation/WRMC.BSRN][CLM50BGCFUN2-Sulman_grid] Success
[INFO][0][modelPlots][SurfaceAirTemperature/CRU][CLM50BGCFUN2] Success
[INFO][0][modelPlots][SurfaceAirTemperature/CRU][CLM50BGCFUN2-Soudzilovskaia] Success
[INFO][0][modelPlots][SurfaceAirTemperature/CRU][CLM50BGCFUN2-Soudzi_grid] Success
[INFO][0][modelPlots][SurfaceAirTemperature/CRU][CLM50BGCFUN2-Steidinger] Success
[INFO][0][modelPlots][SurfaceAirTemperature/CRU][CLM50BGCFUN2-Stein_grid] Success
[INFO][0][modelPlots][SurfaceAirTemperature/CRU][CLM50BGCFUN2-Sulman] Success
[INFO][0][modelPlots][SurfaceAirTemperature/CRU][CLM50BGCFUN2-Sulman_grid] Success
[INFO][0][modelPlots][SurfaceAirTemperature/Fluxnet][CLM50BGCFUN2] Success
[INFO][0][modelPlots][SurfaceAirTemperature/Fluxnet][CLM50BGCFUN2-Soudzilovskaia] Success
[INFO][0][modelPlots][SurfaceAirTemperature/Fluxnet][CLM50BGCFUN2-Soudzi_grid] Success
[INFO][0][modelPlots][SurfaceAirTemperature/Fluxnet][CLM50BGCFUN2-Steidinger] Success
[INFO][0][modelPlots][SurfaceAirTemperature/Fluxnet][CLM50BGCFUN2-Stein_grid] Success
[INFO][0][modelPlots][SurfaceAirTemperature/Fluxnet][CLM50BGCFUN2-Sulman] Success
[INFO][0][modelPlots][SurfaceAirTemperature/Fluxnet][CLM50BGCFUN2-Sulman_grid] Success
[INFO][0][modelPlots][Precipitation/CMAP][CLM50BGCFUN2] Success
[INFO][0][modelPlots][Precipitation/CMAP][CLM50BGCFUN2-Soudzilovskaia] Success
[INFO][0][modelPlots][Precipitation/CMAP][CLM50BGCFUN2-Soudzi_grid] Success
[INFO][0][modelPlots][Precipitation/CMAP][CLM50BGCFUN2-Steidinger] Success
[INFO][0][modelPlots][Precipitation/CMAP][CLM50BGCFUN2-Stein_grid] Success
[INFO][0][modelPlots][Precipitation/CMAP][CLM50BGCFUN2-Sulman] Success
[INFO][0][modelPlots][Precipitation/CMAP][CLM50BGCFUN2-Sulman_grid] Success
[INFO][0][modelPlots][Precipitation/Fluxnet][CLM50BGCFUN2] Success
[INFO][0][modelPlots][Precipitation/Fluxnet][CLM50BGCFUN2-Soudzilovskaia] Success
[INFO][0][modelPlots][Precipitation/Fluxnet][CLM50BGCFUN2-Soudzi_grid] Success
[INFO][0][modelPlots][Precipitation/Fluxnet][CLM50BGCFUN2-Steidinger] Success
[INFO][0][modelPlots][Precipitation/Fluxnet][CLM50BGCFUN2-Stein_grid] Success
[INFO][0][modelPlots][Precipitation/Fluxnet][CLM50BGCFUN2-Sulman] Success
[INFO][0][modelPlots][Precipitation/Fluxnet][CLM50BGCFUN2-Sulman_grid] Success
[INFO][0][modelPlots][Precipitation/GPCC][CLM50BGCFUN2] Success
[INFO][0][modelPlots][Precipitation/GPCC][CLM50BGCFUN2-Soudzilovskaia] Success
[INFO][0][modelPlots][Precipitation/GPCC][CLM50BGCFUN2-Soudzi_grid] Success
[INFO][0][modelPlots][Precipitation/GPCC][CLM50BGCFUN2-Steidinger] Success
[INFO][0][modelPlots][Precipitation/GPCC][CLM50BGCFUN2-Stein_grid] Success
[INFO][0][modelPlots][Precipitation/GPCC][CLM50BGCFUN2-Sulman] Success
[INFO][0][modelPlots][Precipitation/GPCC][CLM50BGCFUN2-Sulman_grid] Success
[INFO][0][modelPlots][Precipitation/GPCP2][CLM50BGCFUN2] Success
[INFO][0][modelPlots][Precipitation/GPCP2][CLM50BGCFUN2-Soudzilovskaia] Success
[INFO][0][modelPlots][Precipitation/GPCP2][CLM50BGCFUN2-Soudzi_grid] Success
[INFO][0][modelPlots][Precipitation/GPCP2][CLM50BGCFUN2-Steidinger] Success
[INFO][0][modelPlots][Precipitation/GPCP2][CLM50BGCFUN2-Stein_grid] Success
[INFO][0][modelPlots][Precipitation/GPCP2][CLM50BGCFUN2-Sulman] Success
[INFO][0][modelPlots][Precipitation/GPCP2][CLM50BGCFUN2-Sulman_grid] Success
[INFO][0][modelPlots][SurfaceRelativeHumidity/ERA][CLM50BGCFUN2] Success
[INFO][0][modelPlots][SurfaceRelativeHumidity/ERA][CLM50BGCFUN2-Soudzilovskaia] Success
[INFO][0][modelPlots][SurfaceRelativeHumidity/ERA][CLM50BGCFUN2-Soudzi_grid] Success
[INFO][0][modelPlots][SurfaceRelativeHumidity/ERA][CLM50BGCFUN2-Steidinger] Success
[INFO][0][modelPlots][SurfaceRelativeHumidity/ERA][CLM50BGCFUN2-Stein_grid] Success
[INFO][0][modelPlots][SurfaceRelativeHumidity/ERA][CLM50BGCFUN2-Sulman] Success
[INFO][0][modelPlots][SurfaceRelativeHumidity/ERA][CLM50BGCFUN2-Sulman_grid] Success
[INFO][0][modelPlots][SurfaceDownwardSWRadiation/CERES][CLM50BGCFUN2] Success
[INFO][0][modelPlots][SurfaceDownwardSWRadiation/CERES][CLM50BGCFUN2-Soudzilovskaia] Success
[INFO][0][modelPlots][SurfaceDownwardSWRadiation/CERES][CLM50BGCFUN2-Soudzi_grid] Success
[INFO][0][modelPlots][SurfaceDownwardSWRadiation/CERES][CLM50BGCFUN2-Steidinger] Success
[INFO][0][modelPlots][SurfaceDownwardSWRadiation/CERES][CLM50BGCFUN2-Stein_grid] Success
[INFO][0][modelPlots][SurfaceDownwardSWRadiation/CERES][CLM50BGCFUN2-Sulman] Success
[INFO][0][modelPlots][SurfaceDownwardSWRadiation/CERES][CLM50BGCFUN2-Sulman_grid] Success
[INFO][0][modelPlots][SurfaceDownwardSWRadiation/Fluxnet][CLM50BGCFUN2] Success
[INFO][0][modelPlots][SurfaceDownwardSWRadiation/Fluxnet][CLM50BGCFUN2-Soudzilovskaia] Success
[INFO][0][modelPlots][SurfaceDownwardSWRadiation/Fluxnet][CLM50BGCFUN2-Soudzi_grid] Success
[INFO][0][modelPlots][SurfaceDownwardSWRadiation/Fluxnet][CLM50BGCFUN2-Steidinger] Success
[INFO][0][modelPlots][SurfaceDownwardSWRadiation/Fluxnet][CLM50BGCFUN2-Stein_grid] Success
[INFO][0][modelPlots][SurfaceDownwardSWRadiation/Fluxnet][CLM50BGCFUN2-Sulman] Success
[INFO][0][modelPlots][SurfaceDownwardSWRadiation/Fluxnet][CLM50BGCFUN2-Sulman_grid] Success
[INFO][0][modelPlots][SurfaceDownwardSWRadiation/GEWEX.SRB][CLM50BGCFUN2] Success
[INFO][0][modelPlots][SurfaceDownwardSWRadiation/GEWEX.SRB][CLM50BGCFUN2-Soudzilovskaia] Success
[INFO][0][modelPlots][SurfaceDownwardSWRadiation/GEWEX.SRB][CLM50BGCFUN2-Soudzi_grid] Success
[INFO][0][modelPlots][SurfaceDownwardSWRadiation/GEWEX.SRB][CLM50BGCFUN2-Steidinger] Success
[INFO][0][modelPlots][SurfaceDownwardSWRadiation/GEWEX.SRB][CLM50BGCFUN2-Stein_grid] Success
[INFO][0][modelPlots][SurfaceDownwardSWRadiation/GEWEX.SRB][CLM50BGCFUN2-Sulman] Success
[INFO][0][modelPlots][SurfaceDownwardSWRadiation/GEWEX.SRB][CLM50BGCFUN2-Sulman_grid] Success
[INFO][0][modelPlots][SurfaceDownwardSWRadiation/WRMC.BSRN][CLM50BGCFUN2] Success
[INFO][0][modelPlots][SurfaceDownwardSWRadiation/WRMC.BSRN][CLM50BGCFUN2-Soudzilovskaia] Success
[INFO][0][modelPlots][SurfaceDownwardSWRadiation/WRMC.BSRN][CLM50BGCFUN2-Soudzi_grid] Success
[INFO][0][modelPlots][SurfaceDownwardSWRadiation/WRMC.BSRN][CLM50BGCFUN2-Steidinger] Success
[INFO][0][modelPlots][SurfaceDownwardSWRadiation/WRMC.BSRN][CLM50BGCFUN2-Stein_grid] Success
[INFO][0][modelPlots][SurfaceDownwardSWRadiation/WRMC.BSRN][CLM50BGCFUN2-Sulman] Success
[INFO][0][modelPlots][SurfaceDownwardSWRadiation/WRMC.BSRN][CLM50BGCFUN2-Sulman_grid] Success
[INFO][0][modelPlots][SurfaceDownwardLWRadiation/CERES][CLM50BGCFUN2] Success
[INFO][0][modelPlots][SurfaceDownwardLWRadiation/CERES][CLM50BGCFUN2-Soudzilovskaia] Success
[INFO][0][modelPlots][SurfaceDownwardLWRadiation/CERES][CLM50BGCFUN2-Soudzi_grid] Success
[INFO][0][modelPlots][SurfaceDownwardLWRadiation/CERES][CLM50BGCFUN2-Steidinger] Success
[INFO][0][modelPlots][SurfaceDownwardLWRadiation/CERES][CLM50BGCFUN2-Stein_grid] Success
[INFO][0][modelPlots][SurfaceDownwardLWRadiation/CERES][CLM50BGCFUN2-Sulman] Success
[INFO][0][modelPlots][SurfaceDownwardLWRadiation/CERES][CLM50BGCFUN2-Sulman_grid] Success
[INFO][0][modelPlots][SurfaceDownwardLWRadiation/GEWEX.SRB][CLM50BGCFUN2] Success
[INFO][0][modelPlots][SurfaceDownwardLWRadiation/GEWEX.SRB][CLM50BGCFUN2-Soudzilovskaia] Success
[INFO][0][modelPlots][SurfaceDownwardLWRadiation/GEWEX.SRB][CLM50BGCFUN2-Soudzi_grid] Success
[INFO][0][modelPlots][SurfaceDownwardLWRadiation/GEWEX.SRB][CLM50BGCFUN2-Steidinger] Success
[INFO][0][modelPlots][SurfaceDownwardLWRadiation/GEWEX.SRB][CLM50BGCFUN2-Stein_grid] Success
[INFO][0][modelPlots][SurfaceDownwardLWRadiation/GEWEX.SRB][CLM50BGCFUN2-Sulman] Success
[INFO][0][modelPlots][SurfaceDownwardLWRadiation/GEWEX.SRB][CLM50BGCFUN2-Sulman_grid] Success
[INFO][0][modelPlots][SurfaceDownwardLWRadiation/WRMC.BSRN][CLM50BGCFUN2] Success
[INFO][0][modelPlots][SurfaceDownwardLWRadiation/WRMC.BSRN][CLM50BGCFUN2-Soudzilovskaia] Success
[INFO][0][modelPlots][SurfaceDownwardLWRadiation/WRMC.BSRN][CLM50BGCFUN2-Soudzi_grid] Success
[INFO][0][modelPlots][SurfaceDownwardLWRadiation/WRMC.BSRN][CLM50BGCFUN2-Steidinger] Success
[INFO][0][modelPlots][SurfaceDownwardLWRadiation/WRMC.BSRN][CLM50BGCFUN2-Stein_grid] Success
[INFO][0][modelPlots][SurfaceDownwardLWRadiation/WRMC.BSRN][CLM50BGCFUN2-Sulman] Success
[INFO][0][modelPlots][SurfaceDownwardLWRadiation/WRMC.BSRN][CLM50BGCFUN2-Sulman_grid] Success
[INFO][0][<module>][total time] 40898.0 s
